<AsAllTestResult>
  <item>
    <rownumber>1</rownumber>
    <id>G196-1</id>
    <result useragent="Internet Explorer 6.0">○</result>
    <result useragent="Internet Explorer 7.0">○</result>
    <result useragent="Internet Explorer 8.0">○</result>
    <result useragent="Internet Explorer 9">×</result>
    <result useragent="Firefox 3.5">○</result>
    <result useragent="Firefox 4.0">○</result>
    <result useragent="Safari 3.2">×</result>
    <result useragent="Safari 5.0.3">×</result>
    <result useragent="JAWS for Windows 9.0">○</result>
    <result useragent="ホームページ・リーダー 3.04">○</result>
    <result useragent="PC-Talker XP 3.06">○</result>
    <result useragent="PC-Talker XP 3.06 + NetReader 1.18">△</result>
    <result useragent="FocusTalk V3">○</result>
    <result useragent="NVDA 2010.1j">○</result>
    <result useragent="NVDA 2011.1">○</result>
  </item>
  <item>
    <rownumber>2</rownumber>
    <id>G196-2</id>
    <result useragent="Internet Explorer 6.0">×</result>
    <result useragent="Internet Explorer 7.0">○</result>
    <result useragent="Internet Explorer 8.0">○</result>
    <result useragent="Internet Explorer 9">×</result>
    <result useragent="Firefox 3.5">○</result>
    <result useragent="Firefox 4.0">○</result>
    <result useragent="Safari 3.2">×</result>
    <result useragent="Safari 5.0.3">×</result>
    <result useragent="JAWS for Windows 9.0">○</result>
    <result useragent="ホームページ・リーダー 3.04">○</result>
    <result useragent="PC-Talker XP 3.06">○</result>
    <result useragent="PC-Talker XP 3.06 + NetReader 1.18">×</result>
    <result useragent="FocusTalk V3">○</result>
    <result useragent="NVDA 2010.1j">○</result>
    <result useragent="NVDA 2011.1">○</result>
  </item>
  <item>
    <rownumber>3</rownumber>
    <id>H002-1</id>
    <result useragent="Internet Explorer 6.0">○</result>
    <result useragent="Internet Explorer 7.0">○</result>
    <result useragent="Internet Explorer 8.0">○</result>
    <result useragent="Internet Explorer 9">○</result>
    <result useragent="Firefox 3.5">○</result>
    <result useragent="Firefox 4.0">○</result>
    <result useragent="Safari 3.2">○</result>
    <result useragent="Safari 5.0.3">○</result>
    <result useragent="JAWS for Windows 9.0">○</result>
    <result useragent="ホームページ・リーダー 3.04">○</result>
    <result useragent="PC-Talker XP 3.06">○</result>
    <result useragent="PC-Talker XP 3.06 + NetReader 1.18">○</result>
    <result useragent="FocusTalk V3">○</result>
    <result useragent="NVDA 2010.1j">○</result>
    <result useragent="NVDA 2011.1">○</result>
  </item>
  <item>
    <rownumber>4</rownumber>
    <id>H002-2</id>
    <result useragent="Internet Explorer 6.0">○</result>
    <result useragent="Internet Explorer 7.0">○</result>
    <result useragent="Internet Explorer 8.0">○</result>
    <result useragent="Internet Explorer 9">○</result>
    <result useragent="Firefox 3.5">○</result>
    <result useragent="Firefox 4.0">○</result>
    <result useragent="Safari 3.2">×</result>
    <result useragent="Safari 5.0.3">×</result>
    <result useragent="JAWS for Windows 9.0">○</result>
    <result useragent="ホームページ・リーダー 3.04">○</result>
    <result useragent="PC-Talker XP 3.06">×</result>
    <result useragent="PC-Talker XP 3.06 + NetReader 1.18">△</result>
    <result useragent="FocusTalk V3">×</result>
    <result useragent="NVDA 2010.1j">○</result>
    <result useragent="NVDA 2011.1">○</result>
  </item>
  <item>
    <rownumber>5</rownumber>
    <id>H024</id>
    <result useragent="Internet Explorer 6.0">×</result>
    <result useragent="Internet Explorer 7.0">×</result>
    <result useragent="Internet Explorer 8.0">×</result>
    <result useragent="Internet Explorer 9">×</result>
    <result useragent="Firefox 3.5">×</result>
    <result useragent="Firefox 4.0">×</result>
    <result useragent="Safari 3.2">×</result>
    <result useragent="Safari 5.0.3">×</result>
    <result useragent="JAWS for Windows 9.0">○</result>
    <result useragent="ホームページ・リーダー 3.04">○</result>
    <result useragent="PC-Talker XP 3.06">○</result>
    <result useragent="PC-Talker XP 3.06 + NetReader 1.18">○</result>
    <result useragent="FocusTalk V3">○</result>
    <result useragent="NVDA 2010.1j">○</result>
    <result useragent="NVDA 2011.1">○</result>
  </item>
  <item>
    <rownumber>6</rownumber>
    <id>H030-1</id>
    <result useragent="Internet Explorer 6.0">-</result>
    <result useragent="Internet Explorer 7.0">-</result>
    <result useragent="Internet Explorer 8.0">-</result>
    <result useragent="Internet Explorer 9">-</result>
    <result useragent="Firefox 3.5">-</result>
    <result useragent="Firefox 4.0">-</result>
    <result useragent="Safari 3.2">-</result>
    <result useragent="Safari 5.0.3">-</result>
    <result useragent="JAWS for Windows 9.0">○</result>
    <result useragent="ホームページ・リーダー 3.04">○</result>
    <result useragent="PC-Talker XP 3.06">○</result>
    <result useragent="PC-Talker XP 3.06 + NetReader 1.18">○</result>
    <result useragent="FocusTalk V3">○</result>
    <result useragent="NVDA 2010.1j">○</result>
    <result useragent="NVDA 2011.1">○</result>
  </item>
  <item>
    <rownumber>7</rownumber>
    <id>H030-2</id>
    <result useragent="Internet Explorer 6.0">○</result>
    <result useragent="Internet Explorer 7.0">○</result>
    <result useragent="Internet Explorer 8.0">○</result>
    <result useragent="Internet Explorer 9">○</result>
    <result useragent="Firefox 3.5">○</result>
    <result useragent="Firefox 4.0">○</result>
    <result useragent="Safari 3.2">×</result>
    <result useragent="Safari 5.0.3">×</result>
    <result useragent="JAWS for Windows 9.0">○</result>
    <result useragent="ホームページ・リーダー 3.04">○</result>
    <result useragent="PC-Talker XP 3.06">○</result>
    <result useragent="PC-Talker XP 3.06 + NetReader 1.18">○</result>
    <result useragent="FocusTalk V3">○</result>
    <result useragent="NVDA 2010.1j">○</result>
    <result useragent="NVDA 2011.1">○</result>
  </item>
  <item>
    <rownumber>8</rownumber>
    <id>H030-3</id>
    <result useragent="Internet Explorer 6.0">○</result>
    <result useragent="Internet Explorer 7.0">○</result>
    <result useragent="Internet Explorer 8.0">○</result>
    <result useragent="Internet Explorer 9">○</result>
    <result useragent="Firefox 3.5">○</result>
    <result useragent="Firefox 4.0">○</result>
    <result useragent="Safari 3.2">○</result>
    <result useragent="Safari 5.0.3">○</result>
    <result useragent="JAWS for Windows 9.0">○</result>
    <result useragent="ホームページ・リーダー 3.04">○</result>
    <result useragent="PC-Talker XP 3.06">○</result>
    <result useragent="PC-Talker XP 3.06 + NetReader 1.18">○</result>
    <result useragent="FocusTalk V3">○</result>
    <result useragent="NVDA 2010.1j">○</result>
    <result useragent="NVDA 2011.1">○</result>
  </item>
  <item>
    <rownumber>9</rownumber>
    <id>H030-4</id>
    <result useragent="Internet Explorer 6.0">○</result>
    <result useragent="Internet Explorer 7.0">○</result>
    <result useragent="Internet Explorer 8.0">○</result>
    <result useragent="Internet Explorer 9">○</result>
    <result useragent="Firefox 3.5">○</result>
    <result useragent="Firefox 4.0">○</result>
    <result useragent="Safari 3.2">○</result>
    <result useragent="Safari 5.0.3">○</result>
    <result useragent="JAWS for Windows 9.0">○</result>
    <result useragent="ホームページ・リーダー 3.04">○</result>
    <result useragent="PC-Talker XP 3.06">○</result>
    <result useragent="PC-Talker XP 3.06 + NetReader 1.18">○</result>
    <result useragent="FocusTalk V3">○</result>
    <result useragent="NVDA 2010.1j">○</result>
    <result useragent="NVDA 2011.1">○</result>
  </item>
  <item>
    <rownumber>10</rownumber>
    <id>H030-5</id>
    <result useragent="Internet Explorer 6.0">×</result>
    <result useragent="Internet Explorer 7.0">○</result>
    <result useragent="Internet Explorer 8.0">○</result>
    <result useragent="Internet Explorer 9">○</result>
    <result useragent="Firefox 3.5">○</result>
    <result useragent="Firefox 4.0">○</result>
    <result useragent="Safari 3.2">×</result>
    <result useragent="Safari 5.0.3">×</result>
    <result useragent="JAWS for Windows 9.0">○</result>
    <result useragent="ホームページ・リーダー 3.04">○</result>
    <result useragent="PC-Talker XP 3.06">×</result>
    <result useragent="PC-Talker XP 3.06 + NetReader 1.18">△</result>
    <result useragent="FocusTalk V3">×</result>
    <result useragent="NVDA 2010.1j">○</result>
    <result useragent="NVDA 2011.1">○</result>
  </item>
  <item>
    <rownumber>11</rownumber>
    <id>H035</id>
    <result useragent="Internet Explorer 6.0">×</result>
    <result useragent="Internet Explorer 7.0">○</result>
    <result useragent="Internet Explorer 8.0">○</result>
    <result useragent="Internet Explorer 9">○</result>
    <result useragent="Firefox 3.5">○</result>
    <result useragent="Firefox 4.0">○</result>
    <result useragent="Safari 3.2">○</result>
    <result useragent="Safari 5.0.3">○</result>
    <result useragent="JAWS for Windows 9.0">○</result>
    <result useragent="ホームページ・リーダー 3.04">○</result>
    <result useragent="PC-Talker XP 3.06">×</result>
    <result useragent="PC-Talker XP 3.06 + NetReader 1.18">×</result>
    <result useragent="FocusTalk V3">○</result>
    <result useragent="NVDA 2010.1j">○</result>
    <result useragent="NVDA 2011.1">×</result>
  </item>
  <item>
    <rownumber>12</rownumber>
    <id>H036</id>
    <result useragent="Internet Explorer 6.0">○</result>
    <result useragent="Internet Explorer 7.0">○</result>
    <result useragent="Internet Explorer 8.0">○</result>
    <result useragent="Internet Explorer 9">○</result>
    <result useragent="Firefox 3.5">○</result>
    <result useragent="Firefox 4.0">○</result>
    <result useragent="Safari 3.2">×</result>
    <result useragent="Safari 5.0.3">×</result>
    <result useragent="JAWS for Windows 9.0">○</result>
    <result useragent="ホームページ・リーダー 3.04">○</result>
    <result useragent="PC-Talker XP 3.06">○</result>
    <result useragent="PC-Talker XP 3.06 + NetReader 1.18">○</result>
    <result useragent="FocusTalk V3">○</result>
    <result useragent="NVDA 2010.1j">○</result>
    <result useragent="NVDA 2011.1">○</result>
  </item>
  <item>
    <rownumber>13</rownumber>
    <id>H037-1</id>
    <result useragent="Internet Explorer 6.0">○</result>
    <result useragent="Internet Explorer 7.0">○</result>
    <result useragent="Internet Explorer 8.0">○</result>
    <result useragent="Internet Explorer 9">○</result>
    <result useragent="Firefox 3.5">○</result>
    <result useragent="Firefox 4.0">○</result>
    <result useragent="Safari 3.2">×</result>
    <result useragent="Safari 5.0.3">×</result>
    <result useragent="JAWS for Windows 9.0">○</result>
    <result useragent="ホームページ・リーダー 3.04">○</result>
    <result useragent="PC-Talker XP 3.06">○</result>
    <result useragent="PC-Talker XP 3.06 + NetReader 1.18">○</result>
    <result useragent="FocusTalk V3">○</result>
    <result useragent="NVDA 2010.1j">○</result>
    <result useragent="NVDA 2011.1">○</result>
  </item>
  <item>
    <rownumber>14</rownumber>
    <id>H037-2</id>
    <result useragent="Internet Explorer 6.0">○</result>
    <result useragent="Internet Explorer 7.0">○</result>
    <result useragent="Internet Explorer 8.0">○</result>
    <result useragent="Internet Explorer 9">○</result>
    <result useragent="Firefox 3.5">○</result>
    <result useragent="Firefox 4.0">○</result>
    <result useragent="Safari 3.2">×</result>
    <result useragent="Safari 5.0.3">×</result>
    <result useragent="JAWS for Windows 9.0">○</result>
    <result useragent="ホームページ・リーダー 3.04">○</result>
    <result useragent="PC-Talker XP 3.06">○</result>
    <result useragent="PC-Talker XP 3.06 + NetReader 1.18">○</result>
    <result useragent="FocusTalk V3">○</result>
    <result useragent="NVDA 2010.1j">×</result>
    <result useragent="NVDA 2011.1">×</result>
  </item>
  <item>
    <rownumber>15</rownumber>
    <id>H044-1</id>
    <result useragent="Internet Explorer 6.0">○</result>
    <result useragent="Internet Explorer 7.0">○</result>
    <result useragent="Internet Explorer 8.0">○</result>
    <result useragent="Internet Explorer 9">○</result>
    <result useragent="Firefox 3.5">○</result>
    <result useragent="Firefox 4.0">○</result>
    <result useragent="Safari 3.2">○</result>
    <result useragent="Safari 5.0.3">○</result>
    <result useragent="JAWS for Windows 9.0">○</result>
    <result useragent="ホームページ・リーダー 3.04">○</result>
    <result useragent="PC-Talker XP 3.06">○</result>
    <result useragent="PC-Talker XP 3.06 + NetReader 1.18">○</result>
    <result useragent="FocusTalk V3">○</result>
    <result useragent="NVDA 2010.1j">○</result>
    <result useragent="NVDA 2011.1">○</result>
  </item>
  <item>
    <rownumber>16</rownumber>
    <id>H044-2</id>
    <result useragent="Internet Explorer 6.0">○</result>
    <result useragent="Internet Explorer 7.0">○</result>
    <result useragent="Internet Explorer 8.0">○</result>
    <result useragent="Internet Explorer 9">○</result>
    <result useragent="Firefox 3.5">○</result>
    <result useragent="Firefox 4.0">○</result>
    <result useragent="Safari 3.2">○</result>
    <result useragent="Safari 5.0.3">○</result>
    <result useragent="JAWS for Windows 9.0">○</result>
    <result useragent="ホームページ・リーダー 3.04">○</result>
    <result useragent="PC-Talker XP 3.06">○</result>
    <result useragent="PC-Talker XP 3.06 + NetReader 1.18">○</result>
    <result useragent="FocusTalk V3">○</result>
    <result useragent="NVDA 2010.1j">○</result>
    <result useragent="NVDA 2011.1">○</result>
  </item>
  <item>
    <rownumber>17</rownumber>
    <id>H044-3</id>
    <result useragent="Internet Explorer 6.0">○</result>
    <result useragent="Internet Explorer 7.0">○</result>
    <result useragent="Internet Explorer 8.0">○</result>
    <result useragent="Internet Explorer 9">○</result>
    <result useragent="Firefox 3.5">○</result>
    <result useragent="Firefox 4.0">○</result>
    <result useragent="Safari 3.2">○</result>
    <result useragent="Safari 5.0.3">○</result>
    <result useragent="JAWS for Windows 9.0">○</result>
    <result useragent="ホームページ・リーダー 3.04">○</result>
    <result useragent="PC-Talker XP 3.06">○</result>
    <result useragent="PC-Talker XP 3.06 + NetReader 1.18">○</result>
    <result useragent="FocusTalk V3">○</result>
    <result useragent="NVDA 2010.1j">○</result>
    <result useragent="NVDA 2011.1">○</result>
  </item>
  <item>
    <rownumber>18</rownumber>
    <id>H045</id>
    <result useragent="Internet Explorer 6.0">×</result>
    <result useragent="Internet Explorer 7.0">×</result>
    <result useragent="Internet Explorer 8.0">×</result>
    <result useragent="Internet Explorer 9">×</result>
    <result useragent="Firefox 3.5">×</result>
    <result useragent="Firefox 4.0">×</result>
    <result useragent="Safari 3.2">×</result>
    <result useragent="Safari 5.0.3">×</result>
    <result useragent="JAWS for Windows 9.0">○</result>
    <result useragent="ホームページ・リーダー 3.04">○</result>
    <result useragent="PC-Talker XP 3.06">×</result>
    <result useragent="PC-Talker XP 3.06 + NetReader 1.18">×</result>
    <result useragent="FocusTalk V3">×</result>
    <result useragent="NVDA 2010.1j">×</result>
    <result useragent="NVDA 2011.1">×</result>
  </item>
  <item>
    <rownumber>19</rownumber>
    <id>H053-1</id>
    <result useragent="Internet Explorer 6.0">×</result>
    <result useragent="Internet Explorer 7.0">×</result>
    <result useragent="Internet Explorer 8.0">×</result>
    <result useragent="Internet Explorer 9">×</result>
    <result useragent="Firefox 3.5">○</result>
    <result useragent="Firefox 4.0">○</result>
    <result useragent="Safari 3.2">○</result>
    <result useragent="Safari 5.0.3">○</result>
    <result useragent="JAWS for Windows 9.0">×</result>
    <result useragent="ホームページ・リーダー 3.04">○</result>
    <result useragent="PC-Talker XP 3.06">×</result>
    <result useragent="PC-Talker XP 3.06 + NetReader 1.18">×</result>
    <result useragent="FocusTalk V3">○</result>
    <result useragent="NVDA 2010.1j">○</result>
    <result useragent="NVDA 2011.1">○</result>
  </item>
  <item>
    <rownumber>20</rownumber>
    <id>H053-2</id>
    <result useragent="Internet Explorer 6.0">×</result>
    <result useragent="Internet Explorer 7.0">×</result>
    <result useragent="Internet Explorer 8.0">×</result>
    <result useragent="Internet Explorer 9">×</result>
    <result useragent="Firefox 3.5">○</result>
    <result useragent="Firefox 4.0">○</result>
    <result useragent="Safari 3.2">△</result>
    <result useragent="Safari 5.0.3">△</result>
    <result useragent="JAWS for Windows 9.0">×</result>
    <result useragent="ホームページ・リーダー 3.04">×</result>
    <result useragent="PC-Talker XP 3.06">×</result>
    <result useragent="PC-Talker XP 3.06 + NetReader 1.18">×</result>
    <result useragent="FocusTalk V3">○</result>
    <result useragent="NVDA 2010.1j">○</result>
    <result useragent="NVDA 2011.1">×</result>
  </item>
  <item>
    <rownumber>21</rownumber>
    <id>H053-3</id>
    <result useragent="Internet Explorer 6.0">×</result>
    <result useragent="Internet Explorer 7.0">×</result>
    <result useragent="Internet Explorer 8.0">×</result>
    <result useragent="Internet Explorer 9">×</result>
    <result useragent="Firefox 3.5">○</result>
    <result useragent="Firefox 4.0">○</result>
    <result useragent="Safari 3.2">△</result>
    <result useragent="Safari 5.0.3">△</result>
    <result useragent="JAWS for Windows 9.0">×</result>
    <result useragent="ホームページ・リーダー 3.04">○</result>
    <result useragent="PC-Talker XP 3.06">×</result>
    <result useragent="PC-Talker XP 3.06 + NetReader 1.18">×</result>
    <result useragent="FocusTalk V3">×</result>
    <result useragent="NVDA 2010.1j">×</result>
    <result useragent="NVDA 2011.1">×</result>
  </item>
  <item>
    <rownumber>22</rownumber>
    <id>H065-1</id>
    <result useragent="Internet Explorer 6.0">×</result>
    <result useragent="Internet Explorer 7.0">○</result>
    <result useragent="Internet Explorer 8.0">△</result>
    <result useragent="Internet Explorer 9">△</result>
    <result useragent="Firefox 3.5">○</result>
    <result useragent="Firefox 4.0">△</result>
    <result useragent="Safari 3.2">○</result>
    <result useragent="Safari 5.0.3">△</result>
    <result useragent="JAWS for Windows 9.0">○</result>
    <result useragent="ホームページ・リーダー 3.04">○</result>
    <result useragent="PC-Talker XP 3.06">○</result>
    <result useragent="PC-Talker XP 3.06 + NetReader 1.18">○</result>
    <result useragent="FocusTalk V3">×</result>
    <result useragent="NVDA 2010.1j">○</result>
    <result useragent="NVDA 2011.1">○</result>
  </item>
  <item>
    <rownumber>23</rownumber>
    <id>H065-2</id>
    <result useragent="Internet Explorer 6.0">△</result>
    <result useragent="Internet Explorer 7.0">△</result>
    <result useragent="Internet Explorer 8.0">△</result>
    <result useragent="Internet Explorer 9">△</result>
    <result useragent="Firefox 3.5">△</result>
    <result useragent="Firefox 4.0">△</result>
    <result useragent="Safari 3.2">△</result>
    <result useragent="Safari 5.0.3">△</result>
    <result useragent="JAWS for Windows 9.0">○</result>
    <result useragent="ホームページ・リーダー 3.04">○</result>
    <result useragent="PC-Talker XP 3.06">○</result>
    <result useragent="PC-Talker XP 3.06 + NetReader 1.18">○</result>
    <result useragent="FocusTalk V3">○</result>
    <result useragent="NVDA 2010.1j">○</result>
    <result useragent="NVDA 2011.1">○</result>
  </item>
  <item>
    <rownumber>24</rownumber>
    <id>H065-3</id>
    <result useragent="Internet Explorer 6.0">△</result>
    <result useragent="Internet Explorer 7.0">△</result>
    <result useragent="Internet Explorer 8.0">△</result>
    <result useragent="Internet Explorer 9">△</result>
    <result useragent="Firefox 3.5">△</result>
    <result useragent="Firefox 4.0">△</result>
    <result useragent="Safari 3.2">△</result>
    <result useragent="Safari 5.0.3">△</result>
    <result useragent="JAWS for Windows 9.0">○</result>
    <result useragent="ホームページ・リーダー 3.04">○</result>
    <result useragent="PC-Talker XP 3.06">○</result>
    <result useragent="PC-Talker XP 3.06 + NetReader 1.18">○</result>
    <result useragent="FocusTalk V3">○</result>
    <result useragent="NVDA 2010.1j">○</result>
    <result useragent="NVDA 2011.1">○</result>
  </item>
  <item>
    <rownumber>25</rownumber>
    <id>H067</id>
    <result useragent="Internet Explorer 6.0">○</result>
    <result useragent="Internet Explorer 7.0">○</result>
    <result useragent="Internet Explorer 8.0">○</result>
    <result useragent="Internet Explorer 9">○</result>
    <result useragent="Firefox 3.5">○</result>
    <result useragent="Firefox 4.0">○</result>
    <result useragent="Safari 3.2">○</result>
    <result useragent="Safari 5.0.3">○</result>
    <result useragent="JAWS for Windows 9.0">○</result>
    <result useragent="ホームページ・リーダー 3.04">○</result>
    <result useragent="PC-Talker XP 3.06">○</result>
    <result useragent="PC-Talker XP 3.06 + NetReader 1.18">×</result>
    <result useragent="FocusTalk V3">○</result>
    <result useragent="NVDA 2010.1j">○</result>
    <result useragent="NVDA 2011.1">○</result>
  </item>
  <item>
    <rownumber>26</rownumber>
    <id>H086-1</id>
    <result useragent="Internet Explorer 6.0">×</result>
    <result useragent="Internet Explorer 7.0">△</result>
    <result useragent="Internet Explorer 8.0">△</result>
    <result useragent="Internet Explorer 9">△</result>
    <result useragent="Firefox 3.5">△</result>
    <result useragent="Firefox 4.0">△</result>
    <result useragent="Safari 3.2">△</result>
    <result useragent="Safari 5.0.3">△</result>
    <result useragent="JAWS for Windows 9.0">△</result>
    <result useragent="ホームページ・リーダー 3.04">×</result>
    <result useragent="PC-Talker XP 3.06">×</result>
    <result useragent="PC-Talker XP 3.06 + NetReader 1.18">×</result>
    <result useragent="FocusTalk V3">×</result>
    <result useragent="NVDA 2010.1j">×</result>
    <result useragent="NVDA 2011.1">×</result>
  </item>
  <item>
    <rownumber>27</rownumber>
    <id>H086-2</id>
    <result useragent="Internet Explorer 6.0">-</result>
    <result useragent="Internet Explorer 7.0">-</result>
    <result useragent="Internet Explorer 8.0">-</result>
    <result useragent="Internet Explorer 9">-</result>
    <result useragent="Firefox 3.5">-</result>
    <result useragent="Firefox 4.0">-</result>
    <result useragent="Safari 3.2">-</result>
    <result useragent="Safari 5.0.3">-</result>
    <result useragent="JAWS for Windows 9.0">○</result>
    <result useragent="ホームページ・リーダー 3.04">○</result>
    <result useragent="PC-Talker XP 3.06">×</result>
    <result useragent="PC-Talker XP 3.06 + NetReader 1.18">○</result>
    <result useragent="FocusTalk V3">×</result>
    <result useragent="NVDA 2010.1j">○</result>
    <result useragent="NVDA 2011.1">○</result>
  </item>
  <item>
    <rownumber>28</rownumber>
    <id>H086-3</id>
    <result useragent="Internet Explorer 6.0">×</result>
    <result useragent="Internet Explorer 7.0">△</result>
    <result useragent="Internet Explorer 8.0">△</result>
    <result useragent="Internet Explorer 9">△</result>
    <result useragent="Firefox 3.5">△</result>
    <result useragent="Firefox 4.0">○</result>
    <result useragent="Safari 3.2">△</result>
    <result useragent="Safari 5.0.3">△</result>
    <result useragent="JAWS for Windows 9.0">△</result>
    <result useragent="ホームページ・リーダー 3.04">×</result>
    <result useragent="PC-Talker XP 3.06">×</result>
    <result useragent="PC-Talker XP 3.06 + NetReader 1.18">×</result>
    <result useragent="FocusTalk V3">×</result>
    <result useragent="NVDA 2010.1j">×</result>
    <result useragent="NVDA 2011.1">×</result>
  </item>
  <item>
    <rownumber>29</rownumber>
    <id>C009-1</id>
    <result useragent="Internet Explorer 6.0">○</result>
    <result useragent="Internet Explorer 7.0">○</result>
    <result useragent="Internet Explorer 8.0">○</result>
    <result useragent="Internet Explorer 9">○</result>
    <result useragent="Firefox 3.5">○</result>
    <result useragent="Firefox 4.0">○</result>
    <result useragent="Safari 3.2">○</result>
    <result useragent="Safari 5.0.3">○</result>
    <result useragent="JAWS for Windows 9.0">-</result>
    <result useragent="ホームページ・リーダー 3.04">-</result>
    <result useragent="PC-Talker XP 3.06">-</result>
    <result useragent="PC-Talker XP 3.06 + NetReader 1.18">-</result>
    <result useragent="FocusTalk V3">-</result>
    <result useragent="NVDA 2010.1j">-</result>
    <result useragent="NVDA 2011.1">-</result>
  </item>
  <item>
    <rownumber>30</rownumber>
    <id>C009-2</id>
    <result useragent="Internet Explorer 6.0">○</result>
    <result useragent="Internet Explorer 7.0">○</result>
    <result useragent="Internet Explorer 8.0">○</result>
    <result useragent="Internet Explorer 9">○</result>
    <result useragent="Firefox 3.5">○</result>
    <result useragent="Firefox 4.0">○</result>
    <result useragent="Safari 3.2">○</result>
    <result useragent="Safari 5.0.3">○</result>
    <result useragent="JAWS for Windows 9.0">○</result>
    <result useragent="ホームページ・リーダー 3.04">○</result>
    <result useragent="PC-Talker XP 3.06">○</result>
    <result useragent="PC-Talker XP 3.06 + NetReader 1.18">○</result>
    <result useragent="FocusTalk V3">○</result>
    <result useragent="NVDA 2010.1j">○</result>
    <result useragent="NVDA 2011.1">○</result>
  </item>
  <item>
    <rownumber>31</rownumber>
    <id>C009-3</id>
    <result useragent="Internet Explorer 6.0">○</result>
    <result useragent="Internet Explorer 7.0">○</result>
    <result useragent="Internet Explorer 8.0">○</result>
    <result useragent="Internet Explorer 9">○</result>
    <result useragent="Firefox 3.5">○</result>
    <result useragent="Firefox 4.0">○</result>
    <result useragent="Safari 3.2">○</result>
    <result useragent="Safari 5.0.3">○</result>
    <result useragent="JAWS for Windows 9.0">-</result>
    <result useragent="ホームページ・リーダー 3.04">-</result>
    <result useragent="PC-Talker XP 3.06">-</result>
    <result useragent="PC-Talker XP 3.06 + NetReader 1.18">-</result>
    <result useragent="FocusTalk V3">－</result>
    <result useragent="NVDA 2010.1j">-</result>
    <result useragent="NVDA 2011.1">-</result>
  </item>
  <item>
    <rownumber>32</rownumber>
    <id>G115-1</id>
    <result useragent="Internet Explorer 6.0">○</result>
    <result useragent="Internet Explorer 7.0">○</result>
    <result useragent="Internet Explorer 8.0">○</result>
    <result useragent="Internet Explorer 9">○</result>
    <result useragent="Firefox 3.5">○</result>
    <result useragent="Firefox 4.0">○</result>
    <result useragent="Safari 3.2">○</result>
    <result useragent="Safari 5.0.3">○</result>
    <result useragent="JAWS for Windows 9.0">○</result>
    <result useragent="ホームページ・リーダー 3.04">○</result>
    <result useragent="PC-Talker XP 3.06">○</result>
    <result useragent="PC-Talker XP 3.06 + NetReader 1.18">○</result>
    <result useragent="FocusTalk V3">○</result>
    <result useragent="NVDA 2010.1j">○</result>
    <result useragent="NVDA 2011.1">○</result>
  </item>
  <item>
    <rownumber>33</rownumber>
    <id>G115-2</id>
    <result useragent="Internet Explorer 6.0">○</result>
    <result useragent="Internet Explorer 7.0">○</result>
    <result useragent="Internet Explorer 8.0">○</result>
    <result useragent="Internet Explorer 9">○</result>
    <result useragent="Firefox 3.5">○</result>
    <result useragent="Firefox 4.0">○</result>
    <result useragent="Safari 3.2">○</result>
    <result useragent="Safari 5.0.3">○</result>
    <result useragent="JAWS for Windows 9.0">△</result>
    <result useragent="ホームページ・リーダー 3.04">×</result>
    <result useragent="PC-Talker XP 3.06">×</result>
    <result useragent="PC-Talker XP 3.06 + NetReader 1.18">×</result>
    <result useragent="FocusTalk V3">×</result>
    <result useragent="NVDA 2010.1j">△</result>
    <result useragent="NVDA 2011.1">△</result>
  </item>
  <item>
    <rownumber>34</rownumber>
    <id>G115-3</id>
    <result useragent="Internet Explorer 6.0">○</result>
    <result useragent="Internet Explorer 7.0">○</result>
    <result useragent="Internet Explorer 8.0">○</result>
    <result useragent="Internet Explorer 9">○</result>
    <result useragent="Firefox 3.5">○</result>
    <result useragent="Firefox 4.0">○</result>
    <result useragent="Safari 3.2">○</result>
    <result useragent="Safari 5.0.3">○</result>
    <result useragent="JAWS for Windows 9.0">×</result>
    <result useragent="ホームページ・リーダー 3.04">×</result>
    <result useragent="PC-Talker XP 3.06">×</result>
    <result useragent="PC-Talker XP 3.06 + NetReader 1.18">×</result>
    <result useragent="FocusTalk V3">○</result>
    <result useragent="NVDA 2010.1j">×</result>
    <result useragent="NVDA 2011.1">×</result>
  </item>
  <item>
    <rownumber>35</rownumber>
    <id>G115-4</id>
    <result useragent="Internet Explorer 6.0">○</result>
    <result useragent="Internet Explorer 7.0">○</result>
    <result useragent="Internet Explorer 8.0">○</result>
    <result useragent="Internet Explorer 9">○</result>
    <result useragent="Firefox 3.5">○</result>
    <result useragent="Firefox 4.0">○</result>
    <result useragent="Safari 3.2">○</result>
    <result useragent="Safari 5.0.3">○</result>
    <result useragent="JAWS for Windows 9.0">×</result>
    <result useragent="ホームページ・リーダー 3.04">×</result>
    <result useragent="PC-Talker XP 3.06">×</result>
    <result useragent="PC-Talker XP 3.06 + NetReader 1.18">×</result>
    <result useragent="FocusTalk V3">△</result>
    <result useragent="NVDA 2010.1j">×</result>
    <result useragent="NVDA 2011.1">×</result>
  </item>
  <item>
    <rownumber>36</rownumber>
    <id>G115-5</id>
    <result useragent="Internet Explorer 6.0">○</result>
    <result useragent="Internet Explorer 7.0">○</result>
    <result useragent="Internet Explorer 8.0">○</result>
    <result useragent="Internet Explorer 9">○</result>
    <result useragent="Firefox 3.5">○</result>
    <result useragent="Firefox 4.0">○</result>
    <result useragent="Safari 3.2">○</result>
    <result useragent="Safari 5.0.3">○</result>
    <result useragent="JAWS for Windows 9.0">×</result>
    <result useragent="ホームページ・リーダー 3.04">×</result>
    <result useragent="PC-Talker XP 3.06">×</result>
    <result useragent="PC-Talker XP 3.06 + NetReader 1.18">×</result>
    <result useragent="FocusTalk V3">○</result>
    <result useragent="NVDA 2010.1j">×</result>
    <result useragent="NVDA 2011.1">×</result>
  </item>
  <item>
    <rownumber>37</rownumber>
    <id>G117</id>
    <result useragent="Internet Explorer 6.0">-</result>
    <result useragent="Internet Explorer 7.0">-</result>
    <result useragent="Internet Explorer 8.0">-</result>
    <result useragent="Internet Explorer 9">-</result>
    <result useragent="Firefox 3.5">-</result>
    <result useragent="Firefox 4.0">-</result>
    <result useragent="Safari 3.2">-</result>
    <result useragent="Safari 5.0.3">-</result>
    <result useragent="JAWS for Windows 9.0">○</result>
    <result useragent="ホームページ・リーダー 3.04">○</result>
    <result useragent="PC-Talker XP 3.06">○</result>
    <result useragent="PC-Talker XP 3.06 + NetReader 1.18">○</result>
    <result useragent="FocusTalk V3">○</result>
    <result useragent="NVDA 2010.1j">○</result>
    <result useragent="NVDA 2011.1">○</result>
  </item>
  <item>
    <rownumber>38</rownumber>
    <id>G138</id>
    <result useragent="Internet Explorer 6.0">○</result>
    <result useragent="Internet Explorer 7.0">○</result>
    <result useragent="Internet Explorer 8.0">○</result>
    <result useragent="Internet Explorer 9">○</result>
    <result useragent="Firefox 3.5">○</result>
    <result useragent="Firefox 4.0">○</result>
    <result useragent="Safari 3.2">○</result>
    <result useragent="Safari 5.0.3">○</result>
    <result useragent="JAWS for Windows 9.0">△</result>
    <result useragent="ホームページ・リーダー 3.04">△</result>
    <result useragent="PC-Talker XP 3.06">△</result>
    <result useragent="PC-Talker XP 3.06 + NetReader 1.18">△</result>
    <result useragent="FocusTalk V3">△</result>
    <result useragent="NVDA 2010.1j">△</result>
    <result useragent="NVDA 2011.1">△</result>
  </item>
  <item>
    <rownumber>39</rownumber>
    <id>H039</id>
    <result useragent="Internet Explorer 6.0">○</result>
    <result useragent="Internet Explorer 7.0">○</result>
    <result useragent="Internet Explorer 8.0">○</result>
    <result useragent="Internet Explorer 9">○</result>
    <result useragent="Firefox 3.5">○</result>
    <result useragent="Firefox 4.0">○</result>
    <result useragent="Safari 3.2">○</result>
    <result useragent="Safari 5.0.3">○</result>
    <result useragent="JAWS for Windows 9.0">○</result>
    <result useragent="ホームページ・リーダー 3.04">△</result>
    <result useragent="PC-Talker XP 3.06">×</result>
    <result useragent="PC-Talker XP 3.06 + NetReader 1.18">×</result>
    <result useragent="FocusTalk V3">○</result>
    <result useragent="NVDA 2010.1j">○</result>
    <result useragent="NVDA 2011.1">○</result>
  </item>
  <item>
    <rownumber>40</rownumber>
    <id>H042</id>
    <result useragent="Internet Explorer 6.0">○</result>
    <result useragent="Internet Explorer 7.0">○</result>
    <result useragent="Internet Explorer 8.0">○</result>
    <result useragent="Internet Explorer 9">○</result>
    <result useragent="Firefox 3.5">○</result>
    <result useragent="Firefox 4.0">○</result>
    <result useragent="Safari 3.2">○</result>
    <result useragent="Safari 5.0.3">○</result>
    <result useragent="JAWS for Windows 9.0">○</result>
    <result useragent="ホームページ・リーダー 3.04">○</result>
    <result useragent="PC-Talker XP 3.06">×</result>
    <result useragent="PC-Talker XP 3.06 + NetReader 1.18">○</result>
    <result useragent="FocusTalk V3">○</result>
    <result useragent="NVDA 2010.1j">○</result>
    <result useragent="NVDA 2011.1">○</result>
  </item>
  <item>
    <rownumber>41</rownumber>
    <id>H043</id>
    <result useragent="Internet Explorer 6.0">-</result>
    <result useragent="Internet Explorer 7.0">-</result>
    <result useragent="Internet Explorer 8.0">-</result>
    <result useragent="Internet Explorer 9">-</result>
    <result useragent="Firefox 3.5">-</result>
    <result useragent="Firefox 4.0">-</result>
    <result useragent="Safari 3.2">-</result>
    <result useragent="Safari 5.0.3">-</result>
    <result useragent="JAWS for Windows 9.0">○</result>
    <result useragent="ホームページ・リーダー 3.04">○</result>
    <result useragent="PC-Talker XP 3.06">×</result>
    <result useragent="PC-Talker XP 3.06 + NetReader 1.18">×</result>
    <result useragent="FocusTalk V3">×</result>
    <result useragent="NVDA 2010.1j">×</result>
    <result useragent="NVDA 2011.1">○</result>
  </item>
  <item>
    <rownumber>42</rownumber>
    <id>H048-1</id>
    <result useragent="Internet Explorer 6.0">○</result>
    <result useragent="Internet Explorer 7.0">○</result>
    <result useragent="Internet Explorer 8.0">○</result>
    <result useragent="Internet Explorer 9">○</result>
    <result useragent="Firefox 3.5">○</result>
    <result useragent="Firefox 4.0">○</result>
    <result useragent="Safari 3.2">○</result>
    <result useragent="Safari 5.0.3">○</result>
    <result useragent="JAWS for Windows 9.0">○</result>
    <result useragent="ホームページ・リーダー 3.04">△</result>
    <result useragent="PC-Talker XP 3.06">×</result>
    <result useragent="PC-Talker XP 3.06 + NetReader 1.18">△</result>
    <result useragent="FocusTalk V3">△</result>
    <result useragent="NVDA 2010.1j">○</result>
    <result useragent="NVDA 2011.1">○</result>
  </item>
  <item>
    <rownumber>43</rownumber>
    <id>H048-2</id>
    <result useragent="Internet Explorer 6.0">-</result>
    <result useragent="Internet Explorer 7.0">-</result>
    <result useragent="Internet Explorer 8.0">-</result>
    <result useragent="Internet Explorer 9">-</result>
    <result useragent="Firefox 3.5">-</result>
    <result useragent="Firefox 4.0">-</result>
    <result useragent="Safari 3.2">-</result>
    <result useragent="Safari 5.0.3">-</result>
    <result useragent="JAWS for Windows 9.0">○</result>
    <result useragent="ホームページ・リーダー 3.04">△</result>
    <result useragent="PC-Talker XP 3.06">×</result>
    <result useragent="PC-Talker XP 3.06 + NetReader 1.18">×</result>
    <result useragent="FocusTalk V3">△</result>
    <result useragent="NVDA 2010.1j">○</result>
    <result useragent="NVDA 2011.1">○</result>
  </item>
  <item>
    <rownumber>44</rownumber>
    <id>H048-3</id>
    <result useragent="Internet Explorer 6.0">○</result>
    <result useragent="Internet Explorer 7.0">○</result>
    <result useragent="Internet Explorer 8.0">○</result>
    <result useragent="Internet Explorer 9">○</result>
    <result useragent="Firefox 3.5">○</result>
    <result useragent="Firefox 4.0">○</result>
    <result useragent="Safari 3.2">○</result>
    <result useragent="Safari 5.0.3">○</result>
    <result useragent="JAWS for Windows 9.0">○</result>
    <result useragent="ホームページ・リーダー 3.04">△</result>
    <result useragent="PC-Talker XP 3.06">×</result>
    <result useragent="PC-Talker XP 3.06 + NetReader 1.18">×</result>
    <result useragent="FocusTalk V3">×</result>
    <result useragent="NVDA 2010.1j">×</result>
    <result useragent="NVDA 2011.1">×</result>
  </item>
  <item>
    <rownumber>45</rownumber>
    <id>H049-1</id>
    <result useragent="Internet Explorer 6.0">○</result>
    <result useragent="Internet Explorer 7.0">-</result>
    <result useragent="Internet Explorer 8.0">○</result>
    <result useragent="Internet Explorer 9">○</result>
    <result useragent="Firefox 3.5">○</result>
    <result useragent="Firefox 4.0">○</result>
    <result useragent="Safari 3.2">○</result>
    <result useragent="Safari 5.0.3">○</result>
    <result useragent="JAWS for Windows 9.0">×</result>
    <result useragent="ホームページ・リーダー 3.04">×</result>
    <result useragent="PC-Talker XP 3.06">×</result>
    <result useragent="PC-Talker XP 3.06 + NetReader 1.18">×</result>
    <result useragent="FocusTalk V3">△</result>
    <result useragent="NVDA 2010.1j">×</result>
    <result useragent="NVDA 2011.1">×</result>
  </item>
  <item>
    <rownumber>46</rownumber>
    <id>H049-2</id>
    <result useragent="Internet Explorer 6.0">○</result>
    <result useragent="Internet Explorer 7.0">-</result>
    <result useragent="Internet Explorer 8.0">○</result>
    <result useragent="Internet Explorer 9">○</result>
    <result useragent="Firefox 3.5">○</result>
    <result useragent="Firefox 4.0">○</result>
    <result useragent="Safari 3.2">○</result>
    <result useragent="Safari 5.0.3">○</result>
    <result useragent="JAWS for Windows 9.0">△</result>
    <result useragent="ホームページ・リーダー 3.04">×</result>
    <result useragent="PC-Talker XP 3.06">×</result>
    <result useragent="PC-Talker XP 3.06 + NetReader 1.18">×</result>
    <result useragent="FocusTalk V3">×</result>
    <result useragent="NVDA 2010.1j">△</result>
    <result useragent="NVDA 2011.1">△</result>
  </item>
  <item>
    <rownumber>47</rownumber>
    <id>H049-3</id>
    <result useragent="Internet Explorer 6.0">○</result>
    <result useragent="Internet Explorer 7.0">○</result>
    <result useragent="Internet Explorer 8.0">○</result>
    <result useragent="Internet Explorer 9">○</result>
    <result useragent="Firefox 3.5">○</result>
    <result useragent="Firefox 4.0">○</result>
    <result useragent="Safari 3.2">○</result>
    <result useragent="Safari 5.0.3">○</result>
    <result useragent="JAWS for Windows 9.0">×</result>
    <result useragent="ホームページ・リーダー 3.04">×</result>
    <result useragent="PC-Talker XP 3.06">×</result>
    <result useragent="PC-Talker XP 3.06 + NetReader 1.18">×</result>
    <result useragent="FocusTalk V3">×</result>
    <result useragent="NVDA 2010.1j">×</result>
    <result useragent="NVDA 2011.1">×</result>
  </item>
  <item>
    <rownumber>48</rownumber>
    <id>H049-4</id>
    <result useragent="Internet Explorer 6.0">○</result>
    <result useragent="Internet Explorer 7.0">○</result>
    <result useragent="Internet Explorer 8.0">○</result>
    <result useragent="Internet Explorer 9">○</result>
    <result useragent="Firefox 3.5">○</result>
    <result useragent="Firefox 4.0">○</result>
    <result useragent="Safari 3.2">○</result>
    <result useragent="Safari 5.0.3">○</result>
    <result useragent="JAWS for Windows 9.0">×</result>
    <result useragent="ホームページ・リーダー 3.04">△</result>
    <result useragent="PC-Talker XP 3.06">×</result>
    <result useragent="PC-Talker XP 3.06 + NetReader 1.18">×</result>
    <result useragent="FocusTalk V3">×</result>
    <result useragent="NVDA 2010.1j">×</result>
    <result useragent="NVDA 2011.1">△</result>
  </item>
  <item>
    <rownumber>49</rownumber>
    <id>H051</id>
    <result useragent="Internet Explorer 6.0">○</result>
    <result useragent="Internet Explorer 7.0">○</result>
    <result useragent="Internet Explorer 8.0">○</result>
    <result useragent="Internet Explorer 9">○</result>
    <result useragent="Firefox 3.5">○</result>
    <result useragent="Firefox 4.0">○</result>
    <result useragent="Safari 3.2">○</result>
    <result useragent="Safari 5.0.3">○</result>
    <result useragent="JAWS for Windows 9.0">○</result>
    <result useragent="ホームページ・リーダー 3.04">○</result>
    <result useragent="PC-Talker XP 3.06">×</result>
    <result useragent="PC-Talker XP 3.06 + NetReader 1.18">×</result>
    <result useragent="FocusTalk V3">×</result>
    <result useragent="NVDA 2010.1j">×</result>
    <result useragent="NVDA 2011.1">△</result>
  </item>
  <item>
    <rownumber>50</rownumber>
    <id>H063</id>
    <result useragent="Internet Explorer 6.0">-</result>
    <result useragent="Internet Explorer 7.0">-</result>
    <result useragent="Internet Explorer 8.0">-</result>
    <result useragent="Internet Explorer 9">-</result>
    <result useragent="Firefox 3.5">-</result>
    <result useragent="Firefox 4.0">-</result>
    <result useragent="Safari 3.2">-</result>
    <result useragent="Safari 5.0.3">-</result>
    <result useragent="JAWS for Windows 9.0">○</result>
    <result useragent="ホームページ・リーダー 3.04">○</result>
    <result useragent="PC-Talker XP 3.06">×</result>
    <result useragent="PC-Talker XP 3.06 + NetReader 1.18">×</result>
    <result useragent="FocusTalk V3">×</result>
    <result useragent="NVDA 2010.1j">×</result>
    <result useragent="NVDA 2011.1">△</result>
  </item>
  <item>
    <rownumber>51</rownumber>
    <id>H071-1</id>
    <result useragent="Internet Explorer 6.0">○</result>
    <result useragent="Internet Explorer 7.0">○</result>
    <result useragent="Internet Explorer 8.0">○</result>
    <result useragent="Internet Explorer 9">○</result>
    <result useragent="Firefox 3.5">○</result>
    <result useragent="Firefox 4.0">○</result>
    <result useragent="Safari 3.2">○</result>
    <result useragent="Safari 5.0.3">○</result>
    <result useragent="JAWS for Windows 9.0">○</result>
    <result useragent="ホームページ・リーダー 3.04">○</result>
    <result useragent="PC-Talker XP 3.06">○</result>
    <result useragent="PC-Talker XP 3.06 + NetReader 1.18">○</result>
    <result useragent="FocusTalk V3">×</result>
    <result useragent="NVDA 2010.1j">×</result>
    <result useragent="NVDA 2011.1">×</result>
  </item>
  <item>
    <rownumber>52</rownumber>
    <id>H071-2</id>
    <result useragent="Internet Explorer 6.0">○</result>
    <result useragent="Internet Explorer 7.0">○</result>
    <result useragent="Internet Explorer 8.0">○</result>
    <result useragent="Internet Explorer 9">○</result>
    <result useragent="Firefox 3.5">○</result>
    <result useragent="Firefox 4.0">○</result>
    <result useragent="Safari 3.2">○</result>
    <result useragent="Safari 5.0.3">○</result>
    <result useragent="JAWS for Windows 9.0">○</result>
    <result useragent="ホームページ・リーダー 3.04">○</result>
    <result useragent="PC-Talker XP 3.06">○</result>
    <result useragent="PC-Talker XP 3.06 + NetReader 1.18">×</result>
    <result useragent="FocusTalk V3">×</result>
    <result useragent="NVDA 2010.1j">×</result>
    <result useragent="NVDA 2011.1">×</result>
  </item>
  <item>
    <rownumber>53</rownumber>
    <id>H071-3</id>
    <result useragent="Internet Explorer 6.0">○</result>
    <result useragent="Internet Explorer 7.0">○</result>
    <result useragent="Internet Explorer 8.0">○</result>
    <result useragent="Internet Explorer 9">○</result>
    <result useragent="Firefox 3.5">○</result>
    <result useragent="Firefox 4.0">○</result>
    <result useragent="Safari 3.2">○</result>
    <result useragent="Safari 5.0.3">○</result>
    <result useragent="JAWS for Windows 9.0">○</result>
    <result useragent="ホームページ・リーダー 3.04">○</result>
    <result useragent="PC-Talker XP 3.06">○</result>
    <result useragent="PC-Talker XP 3.06 + NetReader 1.18">○</result>
    <result useragent="FocusTalk V3">×</result>
    <result useragent="NVDA 2010.1j">×</result>
    <result useragent="NVDA 2011.1">×</result>
  </item>
  <item>
    <rownumber>54</rownumber>
    <id>H071-4</id>
    <result useragent="Internet Explorer 6.0">○</result>
    <result useragent="Internet Explorer 7.0">○</result>
    <result useragent="Internet Explorer 8.0">○</result>
    <result useragent="Internet Explorer 9">○</result>
    <result useragent="Firefox 3.5">○</result>
    <result useragent="Firefox 4.0">○</result>
    <result useragent="Safari 3.2">○</result>
    <result useragent="Safari 5.0.3">○</result>
    <result useragent="JAWS for Windows 9.0">○</result>
    <result useragent="ホームページ・リーダー 3.04">○</result>
    <result useragent="PC-Talker XP 3.06">○</result>
    <result useragent="PC-Talker XP 3.06 + NetReader 1.18">×</result>
    <result useragent="FocusTalk V3">×</result>
    <result useragent="NVDA 2010.1j">△</result>
    <result useragent="NVDA 2011.1">○</result>
  </item>
  <item>
    <rownumber>55</rownumber>
    <id>H073-1</id>
    <result useragent="Internet Explorer 6.0">-</result>
    <result useragent="Internet Explorer 7.0">-</result>
    <result useragent="Internet Explorer 8.0">-</result>
    <result useragent="Internet Explorer 9">-</result>
    <result useragent="Firefox 3.5">-</result>
    <result useragent="Firefox 4.0">-</result>
    <result useragent="Safari 3.2">-</result>
    <result useragent="Safari 5.0.3">-</result>
    <result useragent="JAWS for Windows 9.0">○</result>
    <result useragent="ホームページ・リーダー 3.04">○</result>
    <result useragent="PC-Talker XP 3.06">×</result>
    <result useragent="PC-Talker XP 3.06 + NetReader 1.18">○</result>
    <result useragent="FocusTalk V3">○</result>
    <result useragent="NVDA 2010.1j">○</result>
    <result useragent="NVDA 2011.1">○</result>
  </item>
  <item>
    <rownumber>56</rownumber>
    <id>H073-2</id>
    <result useragent="Internet Explorer 6.0">-</result>
    <result useragent="Internet Explorer 7.0">-</result>
    <result useragent="Internet Explorer 8.0">-</result>
    <result useragent="Internet Explorer 9">-</result>
    <result useragent="Firefox 3.5">-</result>
    <result useragent="Firefox 4.0">-</result>
    <result useragent="Safari 3.2">-</result>
    <result useragent="Safari 5.0.3">-</result>
    <result useragent="JAWS for Windows 9.0">○</result>
    <result useragent="ホームページ・リーダー 3.04">○</result>
    <result useragent="PC-Talker XP 3.06">×</result>
    <result useragent="PC-Talker XP 3.06 + NetReader 1.18">○</result>
    <result useragent="FocusTalk V3">○</result>
    <result useragent="NVDA 2010.1j">○</result>
    <result useragent="NVDA 2011.1">○</result>
  </item>
  <item>
    <rownumber>57</rownumber>
    <id>H085-1</id>
    <result useragent="Internet Explorer 6.0">○</result>
    <result useragent="Internet Explorer 7.0">○</result>
    <result useragent="Internet Explorer 8.0">○</result>
    <result useragent="Internet Explorer 9">○</result>
    <result useragent="Firefox 3.5">○</result>
    <result useragent="Firefox 4.0">○</result>
    <result useragent="Safari 3.2">○</result>
    <result useragent="Safari 5.0.3">○</result>
    <result useragent="JAWS for Windows 9.0">×</result>
    <result useragent="ホームページ・リーダー 3.04">×</result>
    <result useragent="PC-Talker XP 3.06">×</result>
    <result useragent="PC-Talker XP 3.06 + NetReader 1.18">×</result>
    <result useragent="FocusTalk V3">×</result>
    <result useragent="NVDA 2010.1j">○</result>
    <result useragent="NVDA 2011.1">×</result>
  </item>
  <item>
    <rownumber>58</rownumber>
    <id>H085-2</id>
    <result useragent="Internet Explorer 6.0">○</result>
    <result useragent="Internet Explorer 7.0">○</result>
    <result useragent="Internet Explorer 8.0">○</result>
    <result useragent="Internet Explorer 9">○</result>
    <result useragent="Firefox 3.5">○</result>
    <result useragent="Firefox 4.0">○</result>
    <result useragent="Safari 3.2">○</result>
    <result useragent="Safari 5.0.3">○</result>
    <result useragent="JAWS for Windows 9.0">×</result>
    <result useragent="ホームページ・リーダー 3.04">○</result>
    <result useragent="PC-Talker XP 3.06">×</result>
    <result useragent="PC-Talker XP 3.06 + NetReader 1.18">×</result>
    <result useragent="FocusTalk V3">×</result>
    <result useragent="NVDA 2010.1j">×</result>
    <result useragent="NVDA 2011.1">？</result>
  </item>
  <item>
    <rownumber>59</rownumber>
    <id>SCR021</id>
    <result useragent="Internet Explorer 6.0">○</result>
    <result useragent="Internet Explorer 7.0">○</result>
    <result useragent="Internet Explorer 8.0">○</result>
    <result useragent="Internet Explorer 9">○</result>
    <result useragent="Firefox 3.5">△</result>
    <result useragent="Firefox 4.0">○</result>
    <result useragent="Safari 3.2">△</result>
    <result useragent="Safari 5.0.3">△</result>
    <result useragent="JAWS for Windows 9.0">○</result>
    <result useragent="ホームページ・リーダー 3.04">△</result>
    <result useragent="PC-Talker XP 3.06">○</result>
    <result useragent="PC-Talker XP 3.06 + NetReader 1.18">△</result>
    <result useragent="FocusTalk V3">×</result>
    <result useragent="NVDA 2010.1j">○</result>
    <result useragent="NVDA 2011.1">○</result>
  </item>
  <item>
    <rownumber>60</rownumber>
    <id>H056</id>
    <result useragent="Internet Explorer 6.0">○</result>
    <result useragent="Internet Explorer 7.0">○</result>
    <result useragent="Internet Explorer 8.0">○</result>
    <result useragent="Internet Explorer 9">○</result>
    <result useragent="Firefox 3.5">○</result>
    <result useragent="Firefox 4.0">○</result>
    <result useragent="Safari 3.2">○</result>
    <result useragent="Safari 5.0.3">○</result>
    <result useragent="JAWS for Windows 9.0">○</result>
    <result useragent="ホームページ・リーダー 3.04">×</result>
    <result useragent="PC-Talker XP 3.06">×</result>
    <result useragent="PC-Talker XP 3.06 + NetReader 1.18">×</result>
    <result useragent="FocusTalk V3">×</result>
    <result useragent="NVDA 2010.1j">×</result>
    <result useragent="NVDA 2011.1">×</result>
  </item>
  <item>
    <rownumber>61</rownumber>
    <id>C006</id>
    <result useragent="Internet Explorer 6.0">○</result>
    <result useragent="Internet Explorer 7.0">○</result>
    <result useragent="Internet Explorer 8.0">○</result>
    <result useragent="Internet Explorer 9">○</result>
    <result useragent="Firefox 3.5">○</result>
    <result useragent="Firefox 4.0">○</result>
    <result useragent="Safari 3.2">○</result>
    <result useragent="Safari 5.0.3">○</result>
    <result useragent="JAWS for Windows 9.0">○</result>
    <result useragent="ホームページ・リーダー 3.04">○</result>
    <result useragent="PC-Talker XP 3.06">○</result>
    <result useragent="PC-Talker XP 3.06 + NetReader 1.18">○</result>
    <result useragent="FocusTalk V3">○</result>
    <result useragent="NVDA 2010.1j">○</result>
    <result useragent="NVDA 2011.1">×</result>
  </item>
  <item>
    <rownumber>62</rownumber>
    <id>C008</id>
    <result useragent="Internet Explorer 6.0">○</result>
    <result useragent="Internet Explorer 7.0">○</result>
    <result useragent="Internet Explorer 8.0">○</result>
    <result useragent="Internet Explorer 9">○</result>
    <result useragent="Firefox 3.5">○</result>
    <result useragent="Firefox 4.0">○</result>
    <result useragent="Safari 3.2">○</result>
    <result useragent="Safari 5.0.3">○</result>
    <result useragent="JAWS for Windows 9.0">○</result>
    <result useragent="ホームページ・リーダー 3.04">○</result>
    <result useragent="PC-Talker XP 3.06">○</result>
    <result useragent="PC-Talker XP 3.06 + NetReader 1.18">○</result>
    <result useragent="FocusTalk V3">○</result>
    <result useragent="NVDA 2010.1j">○</result>
    <result useragent="NVDA 2011.1">○</result>
  </item>
  <item>
    <rownumber>63</rownumber>
    <id>G096-1</id>
    <result useragent="Internet Explorer 6.0">-</result>
    <result useragent="Internet Explorer 7.0">-</result>
    <result useragent="Internet Explorer 8.0">-</result>
    <result useragent="Internet Explorer 9">-</result>
    <result useragent="Firefox 3.5">-</result>
    <result useragent="Firefox 4.0">-</result>
    <result useragent="Safari 3.2">-</result>
    <result useragent="Safari 5.0.3">-</result>
    <result useragent="JAWS for Windows 9.0">○</result>
    <result useragent="ホームページ・リーダー 3.04">○</result>
    <result useragent="PC-Talker XP 3.06">○</result>
    <result useragent="PC-Talker XP 3.06 + NetReader 1.18">○</result>
    <result useragent="FocusTalk V3">○</result>
    <result useragent="NVDA 2010.1j">○</result>
    <result useragent="NVDA 2011.1">○</result>
  </item>
  <item>
    <rownumber>64</rownumber>
    <id>G096-2</id>
    <result useragent="Internet Explorer 6.0">-</result>
    <result useragent="Internet Explorer 7.0">-</result>
    <result useragent="Internet Explorer 8.0">-</result>
    <result useragent="Internet Explorer 9">-</result>
    <result useragent="Firefox 3.5">-</result>
    <result useragent="Firefox 4.0">-</result>
    <result useragent="Safari 3.2">-</result>
    <result useragent="Safari 5.0.3">-</result>
    <result useragent="JAWS for Windows 9.0">○</result>
    <result useragent="ホームページ・リーダー 3.04">○</result>
    <result useragent="PC-Talker XP 3.06">○</result>
    <result useragent="PC-Talker XP 3.06 + NetReader 1.18">○</result>
    <result useragent="FocusTalk V3">○</result>
    <result useragent="NVDA 2010.1j">○</result>
    <result useragent="NVDA 2011.1">○</result>
  </item>
  <item>
    <rownumber>65</rownumber>
    <id>G096-3</id>
    <result useragent="Internet Explorer 6.0">-</result>
    <result useragent="Internet Explorer 7.0">-</result>
    <result useragent="Internet Explorer 8.0">-</result>
    <result useragent="Internet Explorer 9">-</result>
    <result useragent="Firefox 3.5">-</result>
    <result useragent="Firefox 4.0">-</result>
    <result useragent="Safari 3.2">-</result>
    <result useragent="Safari 5.0.3">-</result>
    <result useragent="JAWS for Windows 9.0">○</result>
    <result useragent="ホームページ・リーダー 3.04">○</result>
    <result useragent="PC-Talker XP 3.06">○</result>
    <result useragent="PC-Talker XP 3.06 + NetReader 1.18">○</result>
    <result useragent="FocusTalk V3">○</result>
    <result useragent="NVDA 2010.1j">○</result>
    <result useragent="NVDA 2011.1">○</result>
  </item>
  <item>
    <rownumber>66</rownumber>
    <id>G014-1</id>
    <result useragent="Internet Explorer 6.0">-</result>
    <result useragent="Internet Explorer 7.0">-</result>
    <result useragent="Internet Explorer 8.0">-</result>
    <result useragent="Internet Explorer 9">-</result>
    <result useragent="Firefox 3.5">-</result>
    <result useragent="Firefox 4.0">-</result>
    <result useragent="Safari 3.2">-</result>
    <result useragent="Safari 5.0.3">-</result>
    <result useragent="JAWS for Windows 9.0">○</result>
    <result useragent="ホームページ・リーダー 3.04">○</result>
    <result useragent="PC-Talker XP 3.06">○</result>
    <result useragent="PC-Talker XP 3.06 + NetReader 1.18">○</result>
    <result useragent="FocusTalk V3">○</result>
    <result useragent="NVDA 2010.1j">○</result>
    <result useragent="NVDA 2011.1">○</result>
  </item>
  <item>
    <rownumber>67</rownumber>
    <id>G014-2</id>
    <result useragent="Internet Explorer 6.0">-</result>
    <result useragent="Internet Explorer 7.0">-</result>
    <result useragent="Internet Explorer 8.0">-</result>
    <result useragent="Internet Explorer 9">-</result>
    <result useragent="Firefox 3.5">-</result>
    <result useragent="Firefox 4.0">-</result>
    <result useragent="Safari 3.2">-</result>
    <result useragent="Safari 5.0.3">-</result>
    <result useragent="JAWS for Windows 9.0">○</result>
    <result useragent="ホームページ・リーダー 3.04">○</result>
    <result useragent="PC-Talker XP 3.06">○</result>
    <result useragent="PC-Talker XP 3.06 + NetReader 1.18">○</result>
    <result useragent="FocusTalk V3">○</result>
    <result useragent="NVDA 2010.1j">○</result>
    <result useragent="NVDA 2011.1">○</result>
  </item>
  <item>
    <rownumber>68</rownumber>
    <id>G014-3</id>
    <result useragent="Internet Explorer 6.0">-</result>
    <result useragent="Internet Explorer 7.0">-</result>
    <result useragent="Internet Explorer 8.0">-</result>
    <result useragent="Internet Explorer 9">-</result>
    <result useragent="Firefox 3.5">-</result>
    <result useragent="Firefox 4.0">-</result>
    <result useragent="Safari 3.2">-</result>
    <result useragent="Safari 5.0.3">-</result>
    <result useragent="JAWS for Windows 9.0">○</result>
    <result useragent="ホームページ・リーダー 3.04">○</result>
    <result useragent="PC-Talker XP 3.06">○</result>
    <result useragent="PC-Talker XP 3.06 + NetReader 1.18">○</result>
    <result useragent="FocusTalk V3">○</result>
    <result useragent="NVDA 2010.1j">○</result>
    <result useragent="NVDA 2011.1">○</result>
  </item>
  <item>
    <rownumber>69</rownumber>
    <id>G014-4</id>
    <result useragent="Internet Explorer 6.0">-</result>
    <result useragent="Internet Explorer 7.0">-</result>
    <result useragent="Internet Explorer 8.0">-</result>
    <result useragent="Internet Explorer 9">-</result>
    <result useragent="Firefox 3.5">-</result>
    <result useragent="Firefox 4.0">-</result>
    <result useragent="Safari 3.2">-</result>
    <result useragent="Safari 5.0.3">-</result>
    <result useragent="JAWS for Windows 9.0">○</result>
    <result useragent="ホームページ・リーダー 3.04">○</result>
    <result useragent="PC-Talker XP 3.06">○</result>
    <result useragent="PC-Talker XP 3.06 + NetReader 1.18">○</result>
    <result useragent="FocusTalk V3">○</result>
    <result useragent="NVDA 2010.1j">○</result>
    <result useragent="NVDA 2011.1">○</result>
  </item>
  <item>
    <rownumber>70</rownumber>
    <id>G122</id>
    <result useragent="Internet Explorer 6.0">-</result>
    <result useragent="Internet Explorer 7.0">-</result>
    <result useragent="Internet Explorer 8.0">-</result>
    <result useragent="Internet Explorer 9">-</result>
    <result useragent="Firefox 3.5">-</result>
    <result useragent="Firefox 4.0">-</result>
    <result useragent="Safari 3.2">-</result>
    <result useragent="Safari 5.0.3">-</result>
    <result useragent="JAWS for Windows 9.0">○</result>
    <result useragent="ホームページ・リーダー 3.04">○</result>
    <result useragent="PC-Talker XP 3.06">○</result>
    <result useragent="PC-Talker XP 3.06 + NetReader 1.18">○</result>
    <result useragent="FocusTalk V3">○</result>
    <result useragent="NVDA 2010.1j">○</result>
    <result useragent="NVDA 2011.1">○</result>
  </item>
  <item>
    <rownumber>71</rownumber>
    <id>G090-1</id>
    <result useragent="Internet Explorer 6.0">○</result>
    <result useragent="Internet Explorer 7.0">○</result>
    <result useragent="Internet Explorer 8.0">○</result>
    <result useragent="Internet Explorer 9">○</result>
    <result useragent="Firefox 3.5">○</result>
    <result useragent="Firefox 4.0">○</result>
    <result useragent="Safari 3.2">△</result>
    <result useragent="Safari 5.0.3">○</result>
    <result useragent="JAWS for Windows 9.0">-</result>
    <result useragent="ホームページ・リーダー 3.04">-</result>
    <result useragent="PC-Talker XP 3.06">-</result>
    <result useragent="PC-Talker XP 3.06 + NetReader 1.18">-</result>
    <result useragent="FocusTalk V3">-</result>
    <result useragent="NVDA 2010.1j">-</result>
    <result useragent="NVDA 2011.1">-</result>
  </item>
  <item>
    <rownumber>72</rownumber>
    <id>G090-2</id>
    <result useragent="Internet Explorer 6.0">○</result>
    <result useragent="Internet Explorer 7.0">○</result>
    <result useragent="Internet Explorer 8.0">○</result>
    <result useragent="Internet Explorer 9">×</result>
    <result useragent="Firefox 3.5">○</result>
    <result useragent="Firefox 4.0">○</result>
    <result useragent="Safari 3.2">△</result>
    <result useragent="Safari 5.0.3">○</result>
    <result useragent="JAWS for Windows 9.0">-</result>
    <result useragent="ホームページ・リーダー 3.04">-</result>
    <result useragent="PC-Talker XP 3.06">-</result>
    <result useragent="PC-Talker XP 3.06 + NetReader 1.18">-</result>
    <result useragent="FocusTalk V3">-</result>
    <result useragent="NVDA 2010.1j">-</result>
    <result useragent="NVDA 2011.1">-</result>
  </item>
  <item>
    <rownumber>73</rownumber>
    <id>G090-3</id>
    <result useragent="Internet Explorer 6.0">○</result>
    <result useragent="Internet Explorer 7.0">○</result>
    <result useragent="Internet Explorer 8.0">○</result>
    <result useragent="Internet Explorer 9">○</result>
    <result useragent="Firefox 3.5">○</result>
    <result useragent="Firefox 4.0">○</result>
    <result useragent="Safari 3.2">△</result>
    <result useragent="Safari 5.0.3">○</result>
    <result useragent="JAWS for Windows 9.0">-</result>
    <result useragent="ホームページ・リーダー 3.04">-</result>
    <result useragent="PC-Talker XP 3.06">-</result>
    <result useragent="PC-Talker XP 3.06 + NetReader 1.18">-</result>
    <result useragent="FocusTalk V3">-</result>
    <result useragent="NVDA 2010.1j">-</result>
    <result useragent="NVDA 2011.1">-</result>
  </item>
  <item>
    <rownumber>74</rownumber>
    <id>G090-4</id>
    <result useragent="Internet Explorer 6.0">○</result>
    <result useragent="Internet Explorer 7.0">○</result>
    <result useragent="Internet Explorer 8.0">○</result>
    <result useragent="Internet Explorer 9">○</result>
    <result useragent="Firefox 3.5">○</result>
    <result useragent="Firefox 4.0">○</result>
    <result useragent="Safari 3.2">△</result>
    <result useragent="Safari 5.0.3">○</result>
    <result useragent="JAWS for Windows 9.0">-</result>
    <result useragent="ホームページ・リーダー 3.04">-</result>
    <result useragent="PC-Talker XP 3.06">-</result>
    <result useragent="PC-Talker XP 3.06 + NetReader 1.18">-</result>
    <result useragent="FocusTalk V3">-</result>
    <result useragent="NVDA 2010.1j">-</result>
    <result useragent="NVDA 2011.1">-</result>
  </item>
  <item>
    <rownumber>75</rownumber>
    <id>G090-5</id>
    <result useragent="Internet Explorer 6.0">○</result>
    <result useragent="Internet Explorer 7.0">○</result>
    <result useragent="Internet Explorer 8.0">○</result>
    <result useragent="Internet Explorer 9">○</result>
    <result useragent="Firefox 3.5">○</result>
    <result useragent="Firefox 4.0">○</result>
    <result useragent="Safari 3.2">△</result>
    <result useragent="Safari 5.0.3">○</result>
    <result useragent="JAWS for Windows 9.0">-</result>
    <result useragent="ホームページ・リーダー 3.04">-</result>
    <result useragent="PC-Talker XP 3.06">-</result>
    <result useragent="PC-Talker XP 3.06 + NetReader 1.18">-</result>
    <result useragent="FocusTalk V3">-</result>
    <result useragent="NVDA 2010.1j">-</result>
    <result useragent="NVDA 2011.1">-</result>
  </item>
  <item>
    <rownumber>76</rownumber>
    <id>H091-1a</id>
    <result useragent="Internet Explorer 6.0">○</result>
    <result useragent="Internet Explorer 7.0">○</result>
    <result useragent="Internet Explorer 8.0">○</result>
    <result useragent="Internet Explorer 9">○</result>
    <result useragent="Firefox 3.5">○</result>
    <result useragent="Firefox 4.0">○</result>
    <result useragent="Safari 3.2">○</result>
    <result useragent="Safari 5.0.3">○</result>
    <result useragent="JAWS for Windows 9.0">○</result>
    <result useragent="ホームページ・リーダー 3.04">○</result>
    <result useragent="PC-Talker XP 3.06">○</result>
    <result useragent="PC-Talker XP 3.06 + NetReader 1.18">○</result>
    <result useragent="FocusTalk V3">○</result>
    <result useragent="NVDA 2010.1j">○</result>
    <result useragent="NVDA 2011.1">○</result>
  </item>
  <item>
    <rownumber>77</rownumber>
    <id>H091-1b</id>
    <result useragent="Internet Explorer 6.0">○</result>
    <result useragent="Internet Explorer 7.0">○</result>
    <result useragent="Internet Explorer 8.0">○</result>
    <result useragent="Internet Explorer 9">○</result>
    <result useragent="Firefox 3.5">○</result>
    <result useragent="Firefox 4.0">○</result>
    <result useragent="Safari 3.2">○</result>
    <result useragent="Safari 5.0.3">○</result>
    <result useragent="JAWS for Windows 9.0">○</result>
    <result useragent="ホームページ・リーダー 3.04">○</result>
    <result useragent="PC-Talker XP 3.06">○</result>
    <result useragent="PC-Talker XP 3.06 + NetReader 1.18">○</result>
    <result useragent="FocusTalk V3">○</result>
    <result useragent="NVDA 2010.1j">○</result>
    <result useragent="NVDA 2011.1">○</result>
  </item>
  <item>
    <rownumber>78</rownumber>
    <id>H091-1c</id>
    <result useragent="Internet Explorer 6.0">○</result>
    <result useragent="Internet Explorer 7.0">○</result>
    <result useragent="Internet Explorer 8.0">○</result>
    <result useragent="Internet Explorer 9">○</result>
    <result useragent="Firefox 3.5">○</result>
    <result useragent="Firefox 4.0">○</result>
    <result useragent="Safari 3.2">○</result>
    <result useragent="Safari 5.0.3">○</result>
    <result useragent="JAWS for Windows 9.0">○</result>
    <result useragent="ホームページ・リーダー 3.04">○</result>
    <result useragent="PC-Talker XP 3.06">△</result>
    <result useragent="PC-Talker XP 3.06 + NetReader 1.18">△</result>
    <result useragent="FocusTalk V3">△</result>
    <result useragent="NVDA 2010.1j">○</result>
    <result useragent="NVDA 2011.1">○</result>
  </item>
  <item>
    <rownumber>79</rownumber>
    <id>H091-2a</id>
    <result useragent="Internet Explorer 6.0">○</result>
    <result useragent="Internet Explorer 7.0">○</result>
    <result useragent="Internet Explorer 8.0">○</result>
    <result useragent="Internet Explorer 9">○</result>
    <result useragent="Firefox 3.5">○</result>
    <result useragent="Firefox 4.0">○</result>
    <result useragent="Safari 3.2">○</result>
    <result useragent="Safari 5.0.3">○</result>
    <result useragent="JAWS for Windows 9.0">○</result>
    <result useragent="ホームページ・リーダー 3.04">○</result>
    <result useragent="PC-Talker XP 3.06">○</result>
    <result useragent="PC-Talker XP 3.06 + NetReader 1.18">○</result>
    <result useragent="FocusTalk V3">○</result>
    <result useragent="NVDA 2010.1j">○</result>
    <result useragent="NVDA 2011.1">○</result>
  </item>
  <item>
    <rownumber>80</rownumber>
    <id>H091-2b</id>
    <result useragent="Internet Explorer 6.0">○</result>
    <result useragent="Internet Explorer 7.0">○</result>
    <result useragent="Internet Explorer 8.0">○</result>
    <result useragent="Internet Explorer 9">○</result>
    <result useragent="Firefox 3.5">○</result>
    <result useragent="Firefox 4.0">○</result>
    <result useragent="Safari 3.2">○</result>
    <result useragent="Safari 5.0.3">○</result>
    <result useragent="JAWS for Windows 9.0">○</result>
    <result useragent="ホームページ・リーダー 3.04">○</result>
    <result useragent="PC-Talker XP 3.06">○</result>
    <result useragent="PC-Talker XP 3.06 + NetReader 1.18">○</result>
    <result useragent="FocusTalk V3">○</result>
    <result useragent="NVDA 2010.1j">○</result>
    <result useragent="NVDA 2011.1">○</result>
  </item>
  <item>
    <rownumber>81</rownumber>
    <id>H091-2c</id>
    <result useragent="Internet Explorer 6.0">○</result>
    <result useragent="Internet Explorer 7.0">○</result>
    <result useragent="Internet Explorer 8.0">○</result>
    <result useragent="Internet Explorer 9">○</result>
    <result useragent="Firefox 3.5">○</result>
    <result useragent="Firefox 4.0">○</result>
    <result useragent="Safari 3.2">○</result>
    <result useragent="Safari 5.0.3">○</result>
    <result useragent="JAWS for Windows 9.0">○</result>
    <result useragent="ホームページ・リーダー 3.04">○</result>
    <result useragent="PC-Talker XP 3.06">○</result>
    <result useragent="PC-Talker XP 3.06 + NetReader 1.18">○</result>
    <result useragent="FocusTalk V3">○</result>
    <result useragent="NVDA 2010.1j">○</result>
    <result useragent="NVDA 2011.1">○</result>
  </item>
  <item>
    <rownumber>82</rownumber>
    <id>H091-2d</id>
    <result useragent="Internet Explorer 6.0">○</result>
    <result useragent="Internet Explorer 7.0">○</result>
    <result useragent="Internet Explorer 8.0">○</result>
    <result useragent="Internet Explorer 9">○</result>
    <result useragent="Firefox 3.5">○</result>
    <result useragent="Firefox 4.0">○</result>
    <result useragent="Safari 3.2">○</result>
    <result useragent="Safari 5.0.3">○</result>
    <result useragent="JAWS for Windows 9.0">○</result>
    <result useragent="ホームページ・リーダー 3.04">○</result>
    <result useragent="PC-Talker XP 3.06">○</result>
    <result useragent="PC-Talker XP 3.06 + NetReader 1.18">○</result>
    <result useragent="FocusTalk V3">○</result>
    <result useragent="NVDA 2010.1j">△</result>
    <result useragent="NVDA 2011.1">△</result>
  </item>
  <item>
    <rownumber>83</rownumber>
    <id>H091-2e</id>
    <result useragent="Internet Explorer 6.0">△</result>
    <result useragent="Internet Explorer 7.0">△</result>
    <result useragent="Internet Explorer 8.0">△</result>
    <result useragent="Internet Explorer 9">△</result>
    <result useragent="Firefox 3.5">△</result>
    <result useragent="Firefox 4.0">△</result>
    <result useragent="Safari 3.2">△</result>
    <result useragent="Safari 5.0.3">△</result>
    <result useragent="JAWS for Windows 9.0">○</result>
    <result useragent="ホームページ・リーダー 3.04">○</result>
    <result useragent="PC-Talker XP 3.06">△</result>
    <result useragent="PC-Talker XP 3.06 + NetReader 1.18">△</result>
    <result useragent="FocusTalk V3">△</result>
    <result useragent="NVDA 2010.1j">△</result>
    <result useragent="NVDA 2011.1">△</result>
  </item>
  <item>
    <rownumber>84</rownumber>
    <id>H091-3a</id>
    <result useragent="Internet Explorer 6.0">○</result>
    <result useragent="Internet Explorer 7.0">○</result>
    <result useragent="Internet Explorer 8.0">○</result>
    <result useragent="Internet Explorer 9">○</result>
    <result useragent="Firefox 3.5">○</result>
    <result useragent="Firefox 4.0">○</result>
    <result useragent="Safari 3.2">○</result>
    <result useragent="Safari 5.0.3">○</result>
    <result useragent="JAWS for Windows 9.0">○</result>
    <result useragent="ホームページ・リーダー 3.04">○</result>
    <result useragent="PC-Talker XP 3.06">○</result>
    <result useragent="PC-Talker XP 3.06 + NetReader 1.18">○</result>
    <result useragent="FocusTalk V3">○</result>
    <result useragent="NVDA 2010.1j">○</result>
    <result useragent="NVDA 2011.1">○</result>
  </item>
  <item>
    <rownumber>85</rownumber>
    <id>H091-3b</id>
    <result useragent="Internet Explorer 6.0">△</result>
    <result useragent="Internet Explorer 7.0">△</result>
    <result useragent="Internet Explorer 8.0">△</result>
    <result useragent="Internet Explorer 9">△</result>
    <result useragent="Firefox 3.5">△</result>
    <result useragent="Firefox 4.0">△</result>
    <result useragent="Safari 3.2">△</result>
    <result useragent="Safari 5.0.3">△</result>
    <result useragent="JAWS for Windows 9.0">○</result>
    <result useragent="ホームページ・リーダー 3.04">○</result>
    <result useragent="PC-Talker XP 3.06">○</result>
    <result useragent="PC-Talker XP 3.06 + NetReader 1.18">○</result>
    <result useragent="FocusTalk V3">○</result>
    <result useragent="NVDA 2010.1j">○</result>
    <result useragent="NVDA 2011.1">○</result>
  </item>
  <item>
    <rownumber>86</rownumber>
    <id>H091-4</id>
    <result useragent="Internet Explorer 6.0">○</result>
    <result useragent="Internet Explorer 7.0">○</result>
    <result useragent="Internet Explorer 8.0">○</result>
    <result useragent="Internet Explorer 9">○</result>
    <result useragent="Firefox 3.5">○</result>
    <result useragent="Firefox 4.0">○</result>
    <result useragent="Safari 3.2">○</result>
    <result useragent="Safari 5.0.3">○</result>
    <result useragent="JAWS for Windows 9.0">○</result>
    <result useragent="ホームページ・リーダー 3.04">○</result>
    <result useragent="PC-Talker XP 3.06">○</result>
    <result useragent="PC-Talker XP 3.06 + NetReader 1.18">○</result>
    <result useragent="FocusTalk V3">○</result>
    <result useragent="NVDA 2010.1j">○</result>
    <result useragent="NVDA 2011.1">○</result>
  </item>
  <item>
    <rownumber>87</rownumber>
    <id>H091-5</id>
    <result useragent="Internet Explorer 6.0">○</result>
    <result useragent="Internet Explorer 7.0">○</result>
    <result useragent="Internet Explorer 8.0">○</result>
    <result useragent="Internet Explorer 9">○</result>
    <result useragent="Firefox 3.5">○</result>
    <result useragent="Firefox 4.0">○</result>
    <result useragent="Safari 3.2">○</result>
    <result useragent="Safari 5.0.3">○</result>
    <result useragent="JAWS for Windows 9.0">○</result>
    <result useragent="ホームページ・リーダー 3.04">○</result>
    <result useragent="PC-Talker XP 3.06">○</result>
    <result useragent="PC-Talker XP 3.06 + NetReader 1.18">○</result>
    <result useragent="FocusTalk V3">○</result>
    <result useragent="NVDA 2010.1j">○</result>
    <result useragent="NVDA 2011.1">○</result>
  </item>
  <item>
    <rownumber>88</rownumber>
    <id>H091-6a</id>
    <result useragent="Internet Explorer 6.0">○</result>
    <result useragent="Internet Explorer 7.0">○</result>
    <result useragent="Internet Explorer 8.0">○</result>
    <result useragent="Internet Explorer 9">○</result>
    <result useragent="Firefox 3.5">○</result>
    <result useragent="Firefox 4.0">○</result>
    <result useragent="Safari 3.2">○</result>
    <result useragent="Safari 5.0.3">○</result>
    <result useragent="JAWS for Windows 9.0">○</result>
    <result useragent="ホームページ・リーダー 3.04">○</result>
    <result useragent="PC-Talker XP 3.06">○</result>
    <result useragent="PC-Talker XP 3.06 + NetReader 1.18">○</result>
    <result useragent="FocusTalk V3">○</result>
    <result useragent="NVDA 2010.1j">○</result>
    <result useragent="NVDA 2011.1">○</result>
  </item>
  <item>
    <rownumber>89</rownumber>
    <id>H091-6b</id>
    <result useragent="Internet Explorer 6.0">△</result>
    <result useragent="Internet Explorer 7.0">△</result>
    <result useragent="Internet Explorer 8.0">△</result>
    <result useragent="Internet Explorer 9">△</result>
    <result useragent="Firefox 3.5">△</result>
    <result useragent="Firefox 4.0">△</result>
    <result useragent="Safari 3.2">△</result>
    <result useragent="Safari 5.0.3">△</result>
    <result useragent="JAWS for Windows 9.0">○</result>
    <result useragent="ホームページ・リーダー 3.04">○</result>
    <result useragent="PC-Talker XP 3.06">○</result>
    <result useragent="PC-Talker XP 3.06 + NetReader 1.18">○</result>
    <result useragent="FocusTalk V3">△</result>
    <result useragent="NVDA 2010.1j">○</result>
    <result useragent="NVDA 2011.1">○</result>
  </item>
  <item>
    <rownumber>90</rownumber>
    <id>H091-7a</id>
    <result useragent="Internet Explorer 6.0">○</result>
    <result useragent="Internet Explorer 7.0">○</result>
    <result useragent="Internet Explorer 8.0">○</result>
    <result useragent="Internet Explorer 9">○</result>
    <result useragent="Firefox 3.5">○</result>
    <result useragent="Firefox 4.0">○</result>
    <result useragent="Safari 3.2">○</result>
    <result useragent="Safari 5.0.3">○</result>
    <result useragent="JAWS for Windows 9.0">○</result>
    <result useragent="ホームページ・リーダー 3.04">○</result>
    <result useragent="PC-Talker XP 3.06">○</result>
    <result useragent="PC-Talker XP 3.06 + NetReader 1.18">○</result>
    <result useragent="FocusTalk V3">○</result>
    <result useragent="NVDA 2010.1j">○</result>
    <result useragent="NVDA 2011.1">○</result>
  </item>
  <item>
    <rownumber>91</rownumber>
    <id>H091-7b</id>
    <result useragent="Internet Explorer 6.0">△</result>
    <result useragent="Internet Explorer 7.0">△</result>
    <result useragent="Internet Explorer 8.0">△</result>
    <result useragent="Internet Explorer 9">△</result>
    <result useragent="Firefox 3.5">△</result>
    <result useragent="Firefox 4.0">△</result>
    <result useragent="Safari 3.2">△</result>
    <result useragent="Safari 5.0.3">△</result>
    <result useragent="JAWS for Windows 9.0">○</result>
    <result useragent="ホームページ・リーダー 3.04">○</result>
    <result useragent="PC-Talker XP 3.06">○</result>
    <result useragent="PC-Talker XP 3.06 + NetReader 1.18">○</result>
    <result useragent="FocusTalk V3">○</result>
    <result useragent="NVDA 2010.1j">○</result>
    <result useragent="NVDA 2011.1">○</result>
  </item>
  <item>
    <rownumber>92</rownumber>
    <id>H091-8</id>
    <result useragent="Internet Explorer 6.0">○</result>
    <result useragent="Internet Explorer 7.0">○</result>
    <result useragent="Internet Explorer 8.0">○</result>
    <result useragent="Internet Explorer 9">○</result>
    <result useragent="Firefox 3.5">○</result>
    <result useragent="Firefox 4.0">○</result>
    <result useragent="Safari 3.2">○</result>
    <result useragent="Safari 5.0.3">○</result>
    <result useragent="JAWS for Windows 9.0">○</result>
    <result useragent="ホームページ・リーダー 3.04">△</result>
    <result useragent="PC-Talker XP 3.06">○</result>
    <result useragent="PC-Talker XP 3.06 + NetReader 1.18">△</result>
    <result useragent="FocusTalk V3">△</result>
    <result useragent="NVDA 2010.1j">△</result>
    <result useragent="NVDA 2011.1">△</result>
  </item>
  <item>
    <rownumber>93</rownumber>
    <id>SCR002</id>
    <result useragent="Internet Explorer 6.0">○</result>
    <result useragent="Internet Explorer 7.0">○</result>
    <result useragent="Internet Explorer 8.0">○</result>
    <result useragent="Internet Explorer 9">○</result>
    <result useragent="Firefox 3.5">○</result>
    <result useragent="Firefox 4.0">○</result>
    <result useragent="Safari 3.2">○</result>
    <result useragent="Safari 5.0.3">○</result>
    <result useragent="JAWS for Windows 9.0">-</result>
    <result useragent="ホームページ・リーダー 3.04">-</result>
    <result useragent="PC-Talker XP 3.06">-</result>
    <result useragent="PC-Talker XP 3.06 + NetReader 1.18">-</result>
    <result useragent="FocusTalk V3">-</result>
    <result useragent="NVDA 2010.1j">-</result>
    <result useragent="NVDA 2011.1">-</result>
  </item>
  <item>
    <rownumber>94</rownumber>
    <id>SCR020-1</id>
    <result useragent="Internet Explorer 6.0">○</result>
    <result useragent="Internet Explorer 7.0">○</result>
    <result useragent="Internet Explorer 8.0">○</result>
    <result useragent="Internet Explorer 9">○</result>
    <result useragent="Firefox 3.5">○</result>
    <result useragent="Firefox 4.0">○</result>
    <result useragent="Safari 3.2">○</result>
    <result useragent="Safari 5.0.3">○</result>
    <result useragent="JAWS for Windows 9.0">-</result>
    <result useragent="ホームページ・リーダー 3.04">-</result>
    <result useragent="PC-Talker XP 3.06">-</result>
    <result useragent="PC-Talker XP 3.06 + NetReader 1.18">-</result>
    <result useragent="FocusTalk V3">-</result>
    <result useragent="NVDA 2010.1j">-</result>
    <result useragent="NVDA 2011.1">-</result>
  </item>
  <item>
    <rownumber>95</rownumber>
    <id>SCR020-2</id>
    <result useragent="Internet Explorer 6.0">○</result>
    <result useragent="Internet Explorer 7.0">○</result>
    <result useragent="Internet Explorer 8.0">○</result>
    <result useragent="Internet Explorer 9">○</result>
    <result useragent="Firefox 3.5">○</result>
    <result useragent="Firefox 4.0">○</result>
    <result useragent="Safari 3.2">△</result>
    <result useragent="Safari 5.0.3">○</result>
    <result useragent="JAWS for Windows 9.0">-</result>
    <result useragent="ホームページ・リーダー 3.04">-</result>
    <result useragent="PC-Talker XP 3.06">-</result>
    <result useragent="PC-Talker XP 3.06 + NetReader 1.18">-</result>
    <result useragent="FocusTalk V3">-</result>
    <result useragent="NVDA 2010.1j">-</result>
    <result useragent="NVDA 2011.1">-</result>
  </item>
  <item>
    <rownumber>96</rownumber>
    <id>SCR026</id>
    <result useragent="Internet Explorer 6.0">○</result>
    <result useragent="Internet Explorer 7.0">○</result>
    <result useragent="Internet Explorer 8.0">○</result>
    <result useragent="Internet Explorer 9">○</result>
    <result useragent="Firefox 3.5">×</result>
    <result useragent="Firefox 4.0">×</result>
    <result useragent="Safari 3.2">○</result>
    <result useragent="Safari 5.0.3">○</result>
    <result useragent="JAWS for Windows 9.0">○</result>
    <result useragent="ホームページ・リーダー 3.04">×</result>
    <result useragent="PC-Talker XP 3.06">○</result>
    <result useragent="PC-Talker XP 3.06 + NetReader 1.18">△</result>
    <result useragent="FocusTalk V3">○</result>
    <result useragent="NVDA 2010.1j">×</result>
    <result useragent="NVDA 2011.1">×</result>
  </item>
  <item>
    <rownumber>97</rownumber>
    <id>SCR033</id>
    <result useragent="Internet Explorer 6.0">○</result>
    <result useragent="Internet Explorer 7.0">○</result>
    <result useragent="Internet Explorer 8.0">○</result>
    <result useragent="Internet Explorer 9">○</result>
    <result useragent="Firefox 3.5">○</result>
    <result useragent="Firefox 4.0">○</result>
    <result useragent="Safari 3.2">○</result>
    <result useragent="Safari 5.0.3">○</result>
    <result useragent="JAWS for Windows 9.0">○</result>
    <result useragent="ホームページ・リーダー 3.04">○</result>
    <result useragent="PC-Talker XP 3.06">○</result>
    <result useragent="PC-Talker XP 3.06 + NetReader 1.18">○</result>
    <result useragent="FocusTalk V3">○</result>
    <result useragent="NVDA 2010.1j">○</result>
    <result useragent="NVDA 2011.1">○</result>
  </item>
  <item>
    <rownumber>98</rownumber>
    <id>SCR035-1</id>
    <result useragent="Internet Explorer 6.0">○</result>
    <result useragent="Internet Explorer 7.0">○</result>
    <result useragent="Internet Explorer 8.0">○</result>
    <result useragent="Internet Explorer 9">○</result>
    <result useragent="Firefox 3.5">○</result>
    <result useragent="Firefox 4.0">○</result>
    <result useragent="Safari 3.2">○</result>
    <result useragent="Safari 5.0.3">○</result>
    <result useragent="JAWS for Windows 9.0">-</result>
    <result useragent="ホームページ・リーダー 3.04">-</result>
    <result useragent="PC-Talker XP 3.06">-</result>
    <result useragent="PC-Talker XP 3.06 + NetReader 1.18">-</result>
    <result useragent="FocusTalk V3">-</result>
    <result useragent="NVDA 2010.1j">-</result>
    <result useragent="NVDA 2011.1">-</result>
  </item>
  <item>
    <rownumber>99</rownumber>
    <id>SCR035-2</id>
    <result useragent="Internet Explorer 6.0">○</result>
    <result useragent="Internet Explorer 7.0">○</result>
    <result useragent="Internet Explorer 8.0">○</result>
    <result useragent="Internet Explorer 9">○</result>
    <result useragent="Firefox 3.5">○</result>
    <result useragent="Firefox 4.0">○</result>
    <result useragent="Safari 3.2">○</result>
    <result useragent="Safari 5.0.3">○</result>
    <result useragent="JAWS for Windows 9.0">○</result>
    <result useragent="ホームページ・リーダー 3.04">○</result>
    <result useragent="PC-Talker XP 3.06">○</result>
    <result useragent="PC-Talker XP 3.06 + NetReader 1.18">○</result>
    <result useragent="FocusTalk V3">×</result>
    <result useragent="NVDA 2010.1j">○</result>
    <result useragent="NVDA 2011.1">○</result>
  </item>
  <item>
    <rownumber>100</rownumber>
    <id>SCR035-4</id>
    <result useragent="Internet Explorer 6.0">○</result>
    <result useragent="Internet Explorer 7.0">○</result>
    <result useragent="Internet Explorer 8.0">○</result>
    <result useragent="Internet Explorer 9">○</result>
    <result useragent="Firefox 3.5">○</result>
    <result useragent="Firefox 4.0">○</result>
    <result useragent="Safari 3.2">○</result>
    <result useragent="Safari 5.0.3">○</result>
    <result useragent="JAWS for Windows 9.0">-</result>
    <result useragent="ホームページ・リーダー 3.04">-</result>
    <result useragent="PC-Talker XP 3.06">-</result>
    <result useragent="PC-Talker XP 3.06 + NetReader 1.18">-</result>
    <result useragent="FocusTalk V3">-</result>
    <result useragent="NVDA 2010.1j">-</result>
    <result useragent="NVDA 2011.1">-</result>
  </item>
  <item>
    <rownumber>101</rownumber>
    <id>SCR035-5</id>
    <result useragent="Internet Explorer 6.0">○</result>
    <result useragent="Internet Explorer 7.0">○</result>
    <result useragent="Internet Explorer 8.0">○</result>
    <result useragent="Internet Explorer 9">○</result>
    <result useragent="Firefox 3.5">○</result>
    <result useragent="Firefox 4.0">○</result>
    <result useragent="Safari 3.2">○</result>
    <result useragent="Safari 5.0.3">○</result>
    <result useragent="JAWS for Windows 9.0">-</result>
    <result useragent="ホームページ・リーダー 3.04">-</result>
    <result useragent="PC-Talker XP 3.06">-</result>
    <result useragent="PC-Talker XP 3.06 + NetReader 1.18">-</result>
    <result useragent="FocusTalk V3">-</result>
    <result useragent="NVDA 2010.1j">-</result>
    <result useragent="NVDA 2011.1">-</result>
  </item>
  <item>
    <rownumber>102</rownumber>
    <id>SCR035-6</id>
    <result useragent="Internet Explorer 6.0">○</result>
    <result useragent="Internet Explorer 7.0">○</result>
    <result useragent="Internet Explorer 8.0">○</result>
    <result useragent="Internet Explorer 9">○</result>
    <result useragent="Firefox 3.5">○</result>
    <result useragent="Firefox 4.0">○</result>
    <result useragent="Safari 3.2">○</result>
    <result useragent="Safari 5.0.3">○</result>
    <result useragent="JAWS for Windows 9.0">-</result>
    <result useragent="ホームページ・リーダー 3.04">-</result>
    <result useragent="PC-Talker XP 3.06">-</result>
    <result useragent="PC-Talker XP 3.06 + NetReader 1.18">-</result>
    <result useragent="FocusTalk V3">-</result>
    <result useragent="NVDA 2010.1j">-</result>
    <result useragent="NVDA 2011.1">-</result>
  </item>
  <item>
    <rownumber>103</rownumber>
    <id>G021</id>
    <result useragent="Internet Explorer 6.0">○</result>
    <result useragent="Internet Explorer 7.0">○</result>
    <result useragent="Internet Explorer 8.0">○</result>
    <result useragent="Internet Explorer 9">○</result>
    <result useragent="Firefox 3.5">×</result>
    <result useragent="Firefox 4.0">×</result>
    <result useragent="Safari 3.2">×</result>
    <result useragent="Safari 5.0.3">×</result>
    <result useragent="JAWS for Windows 9.0">○</result>
    <result useragent="ホームページ・リーダー 3.04">○</result>
    <result useragent="PC-Talker XP 3.06">○</result>
    <result useragent="PC-Talker XP 3.06 + NetReader 1.18">○</result>
    <result useragent="FocusTalk V3">○</result>
    <result useragent="NVDA 2010.1j">○</result>
    <result useragent="NVDA 2011.1">○</result>
  </item>
  <item>
    <rownumber>104</rownumber>
    <id>SCR016</id>
    <result useragent="Internet Explorer 6.0">○</result>
    <result useragent="Internet Explorer 7.0">○</result>
    <result useragent="Internet Explorer 8.0">○</result>
    <result useragent="Internet Explorer 9">○</result>
    <result useragent="Firefox 3.5">○</result>
    <result useragent="Firefox 4.0">○</result>
    <result useragent="Safari 3.2">○</result>
    <result useragent="Safari 5.0.3">○</result>
    <result useragent="JAWS for Windows 9.0">○</result>
    <result useragent="ホームページ・リーダー 3.04">○</result>
    <result useragent="PC-Talker XP 3.06">○</result>
    <result useragent="PC-Talker XP 3.06 + NetReader 1.18">○</result>
    <result useragent="FocusTalk V3">○</result>
    <result useragent="NVDA 2010.1j">○</result>
    <result useragent="NVDA 2011.1">○</result>
  </item>
  <item>
    <rownumber>105</rownumber>
    <id>SCR036</id>
    <result useragent="Internet Explorer 6.0">○</result>
    <result useragent="Internet Explorer 7.0">○</result>
    <result useragent="Internet Explorer 8.0">○</result>
    <result useragent="Internet Explorer 9">○</result>
    <result useragent="Firefox 3.5">○</result>
    <result useragent="Firefox 4.0">○</result>
    <result useragent="Safari 3.2">○</result>
    <result useragent="Safari 5.0.3">○</result>
    <result useragent="JAWS for Windows 9.0">○</result>
    <result useragent="ホームページ・リーダー 3.04">○</result>
    <result useragent="PC-Talker XP 3.06">○</result>
    <result useragent="PC-Talker XP 3.06 + NetReader 1.18">○</result>
    <result useragent="FocusTalk V3">○</result>
    <result useragent="NVDA 2010.1j">○</result>
    <result useragent="NVDA 2011.1">○</result>
  </item>
  <item>
    <rownumber>106</rownumber>
    <id>G187</id>
    <result useragent="Internet Explorer 6.0">○</result>
    <result useragent="Internet Explorer 7.0">○</result>
    <result useragent="Internet Explorer 8.0">○</result>
    <result useragent="Internet Explorer 9">○</result>
    <result useragent="Firefox 3.5">○</result>
    <result useragent="Firefox 4.0">○</result>
    <result useragent="Safari 3.2">×</result>
    <result useragent="Safari 5.0.3">×</result>
    <result useragent="JAWS for Windows 9.0">-</result>
    <result useragent="ホームページ・リーダー 3.04">-</result>
    <result useragent="PC-Talker XP 3.06">-</result>
    <result useragent="PC-Talker XP 3.06 + NetReader 1.18">-</result>
    <result useragent="FocusTalk V3">-</result>
    <result useragent="NVDA 2010.1j">-</result>
    <result useragent="NVDA 2011.1">-</result>
  </item>
  <item>
    <rownumber>107</rownumber>
    <id>SCR022</id>
    <result useragent="Internet Explorer 6.0">○</result>
    <result useragent="Internet Explorer 7.0">○</result>
    <result useragent="Internet Explorer 8.0">○</result>
    <result useragent="Internet Explorer 9">○</result>
    <result useragent="Firefox 3.5">○</result>
    <result useragent="Firefox 4.0">○</result>
    <result useragent="Safari 3.2">○</result>
    <result useragent="Safari 5.0.3">○</result>
    <result useragent="JAWS for Windows 9.0">○</result>
    <result useragent="ホームページ・リーダー 3.04">○</result>
    <result useragent="PC-Talker XP 3.06">○</result>
    <result useragent="PC-Talker XP 3.06 + NetReader 1.18">○</result>
    <result useragent="FocusTalk V3">○</result>
    <result useragent="NVDA 2010.1j">○</result>
    <result useragent="NVDA 2011.1">○</result>
  </item>
  <item>
    <rownumber>108</rownumber>
    <id>G001-1</id>
    <result useragent="Internet Explorer 6.0">△</result>
    <result useragent="Internet Explorer 7.0">△</result>
    <result useragent="Internet Explorer 8.0">△</result>
    <result useragent="Internet Explorer 9">△</result>
    <result useragent="Firefox 3.5">○</result>
    <result useragent="Firefox 4.0">○</result>
    <result useragent="Safari 3.2">○</result>
    <result useragent="Safari 5.0.3">○</result>
    <result useragent="JAWS for Windows 9.0">○</result>
    <result useragent="ホームページ・リーダー 3.04">○</result>
    <result useragent="PC-Talker XP 3.06">×</result>
    <result useragent="PC-Talker XP 3.06 + NetReader 1.18">○</result>
    <result useragent="FocusTalk V3">○</result>
    <result useragent="NVDA 2010.1j">○</result>
    <result useragent="NVDA 2011.1">○</result>
  </item>
  <item>
    <rownumber>109</rownumber>
    <id>G001-2</id>
    <result useragent="Internet Explorer 6.0">△</result>
    <result useragent="Internet Explorer 7.0">△</result>
    <result useragent="Internet Explorer 8.0">△</result>
    <result useragent="Internet Explorer 9">△</result>
    <result useragent="Firefox 3.5">○</result>
    <result useragent="Firefox 4.0">○</result>
    <result useragent="Safari 3.2">○</result>
    <result useragent="Safari 5.0.3">○</result>
    <result useragent="JAWS for Windows 9.0">○</result>
    <result useragent="ホームページ・リーダー 3.04">○</result>
    <result useragent="PC-Talker XP 3.06">×</result>
    <result useragent="PC-Talker XP 3.06 + NetReader 1.18">○</result>
    <result useragent="FocusTalk V3">○</result>
    <result useragent="NVDA 2010.1j">○</result>
    <result useragent="NVDA 2011.1">○</result>
  </item>
  <item>
    <rownumber>110</rownumber>
    <id>G123-4a</id>
    <result useragent="Internet Explorer 6.0">△</result>
    <result useragent="Internet Explorer 7.0">△</result>
    <result useragent="Internet Explorer 8.0">△</result>
    <result useragent="Internet Explorer 9">△</result>
    <result useragent="Firefox 3.5">○</result>
    <result useragent="Firefox 4.0">○</result>
    <result useragent="Safari 3.2">△</result>
    <result useragent="Safari 5.0.3">△</result>
    <result useragent="JAWS for Windows 9.0">○</result>
    <result useragent="ホームページ・リーダー 3.04">○</result>
    <result useragent="PC-Talker XP 3.06">×</result>
    <result useragent="PC-Talker XP 3.06 + NetReader 1.18">○</result>
    <result useragent="FocusTalk V3">△</result>
    <result useragent="NVDA 2010.1j">○</result>
    <result useragent="NVDA 2011.1">○</result>
  </item>
  <item>
    <rownumber>111</rownumber>
    <id>G123-4b</id>
    <result useragent="Internet Explorer 6.0">△</result>
    <result useragent="Internet Explorer 7.0">△</result>
    <result useragent="Internet Explorer 8.0">△</result>
    <result useragent="Internet Explorer 9">△</result>
    <result useragent="Firefox 3.5">○</result>
    <result useragent="Firefox 4.0">○</result>
    <result useragent="Safari 3.2">△</result>
    <result useragent="Safari 5.0.3">△</result>
    <result useragent="JAWS for Windows 9.0">○</result>
    <result useragent="ホームページ・リーダー 3.04">○</result>
    <result useragent="PC-Talker XP 3.06">×</result>
    <result useragent="PC-Talker XP 3.06 + NetReader 1.18">○</result>
    <result useragent="FocusTalk V3">△</result>
    <result useragent="NVDA 2010.1j">○</result>
    <result useragent="NVDA 2011.1">○</result>
  </item>
  <item>
    <rownumber>112</rownumber>
    <id>G124-1</id>
    <result useragent="Internet Explorer 6.0">△</result>
    <result useragent="Internet Explorer 7.0">△</result>
    <result useragent="Internet Explorer 8.0">△</result>
    <result useragent="Internet Explorer 9">△</result>
    <result useragent="Firefox 3.5">○</result>
    <result useragent="Firefox 4.0">○</result>
    <result useragent="Safari 3.2">△</result>
    <result useragent="Safari 5.0.3">△</result>
    <result useragent="JAWS for Windows 9.0">○</result>
    <result useragent="ホームページ・リーダー 3.04">○</result>
    <result useragent="PC-Talker XP 3.06">×</result>
    <result useragent="PC-Talker XP 3.06 + NetReader 1.18">○</result>
    <result useragent="FocusTalk V3">○</result>
    <result useragent="NVDA 2010.1j">○</result>
    <result useragent="NVDA 2011.1">○</result>
  </item>
  <item>
    <rownumber>113</rownumber>
    <id>G124-2</id>
    <result useragent="Internet Explorer 6.0">△</result>
    <result useragent="Internet Explorer 7.0">△</result>
    <result useragent="Internet Explorer 8.0">△</result>
    <result useragent="Internet Explorer 9">△</result>
    <result useragent="Firefox 3.5">○</result>
    <result useragent="Firefox 4.0">○</result>
    <result useragent="Safari 3.2">△</result>
    <result useragent="Safari 5.0.3">△</result>
    <result useragent="JAWS for Windows 9.0">○</result>
    <result useragent="ホームページ・リーダー 3.04">○</result>
    <result useragent="PC-Talker XP 3.06">×</result>
    <result useragent="PC-Talker XP 3.06 + NetReader 1.18">○</result>
    <result useragent="FocusTalk V3">○</result>
    <result useragent="NVDA 2010.1j">○</result>
    <result useragent="NVDA 2011.1">○</result>
  </item>
  <item>
    <rownumber>114</rownumber>
    <id>H050-1</id>
    <result useragent="Internet Explorer 6.0">×</result>
    <result useragent="Internet Explorer 7.0">×</result>
    <result useragent="Internet Explorer 8.0">×</result>
    <result useragent="Internet Explorer 9">×</result>
    <result useragent="Firefox 3.5">×</result>
    <result useragent="Firefox 4.0">×</result>
    <result useragent="Safari 3.2">×</result>
    <result useragent="Safari 5.0.3">×</result>
    <result useragent="JAWS for Windows 9.0">×</result>
    <result useragent="ホームページ・リーダー 3.04">△</result>
    <result useragent="PC-Talker XP 3.06">×</result>
    <result useragent="PC-Talker XP 3.06 + NetReader 1.18">△</result>
    <result useragent="FocusTalk V3">×</result>
    <result useragent="NVDA 2010.1j">×</result>
    <result useragent="NVDA 2011.1">×</result>
  </item>
  <item>
    <rownumber>115</rownumber>
    <id>H050-2</id>
    <result useragent="Internet Explorer 6.0">-</result>
    <result useragent="Internet Explorer 7.0">-</result>
    <result useragent="Internet Explorer 8.0">-</result>
    <result useragent="Internet Explorer 9">-</result>
    <result useragent="Firefox 3.5">-</result>
    <result useragent="Firefox 4.0">-</result>
    <result useragent="Safari 3.2">-</result>
    <result useragent="Safari 5.0.3">-</result>
    <result useragent="JAWS for Windows 9.0">×</result>
    <result useragent="ホームページ・リーダー 3.04">△</result>
    <result useragent="PC-Talker XP 3.06">×</result>
    <result useragent="PC-Talker XP 3.06 + NetReader 1.18">×</result>
    <result useragent="FocusTalk V3">×</result>
    <result useragent="NVDA 2010.1j">×</result>
    <result useragent="NVDA 2011.1">×</result>
  </item>
  <item>
    <rownumber>116</rownumber>
    <id>H064-1</id>
    <result useragent="Internet Explorer 6.0">-</result>
    <result useragent="Internet Explorer 7.0">-</result>
    <result useragent="Internet Explorer 8.0">-</result>
    <result useragent="Internet Explorer 9">-</result>
    <result useragent="Firefox 3.5">-</result>
    <result useragent="Firefox 4.0">-</result>
    <result useragent="Safari 3.2">-</result>
    <result useragent="Safari 5.0.3">-</result>
    <result useragent="JAWS for Windows 9.0">○</result>
    <result useragent="ホームページ・リーダー 3.04">○</result>
    <result useragent="PC-Talker XP 3.06">×</result>
    <result useragent="PC-Talker XP 3.06 + NetReader 1.18">×</result>
    <result useragent="FocusTalk V3">×</result>
    <result useragent="NVDA 2010.1j">×</result>
    <result useragent="NVDA 2011.1">×</result>
  </item>
  <item>
    <rownumber>117</rownumber>
    <id>H064-2</id>
    <result useragent="Internet Explorer 6.0">-</result>
    <result useragent="Internet Explorer 7.0">-</result>
    <result useragent="Internet Explorer 8.0">-</result>
    <result useragent="Internet Explorer 9">-</result>
    <result useragent="Firefox 3.5">-</result>
    <result useragent="Firefox 4.0">-</result>
    <result useragent="Safari 3.2">-</result>
    <result useragent="Safari 5.0.3">-</result>
    <result useragent="JAWS for Windows 9.0">○</result>
    <result useragent="ホームページ・リーダー 3.04">○</result>
    <result useragent="PC-Talker XP 3.06">×</result>
    <result useragent="PC-Talker XP 3.06 + NetReader 1.18">×</result>
    <result useragent="FocusTalk V3">×</result>
    <result useragent="NVDA 2010.1j">×</result>
    <result useragent="NVDA 2011.1">×</result>
  </item>
  <item>
    <rownumber>118</rownumber>
    <id>H069-1</id>
    <result useragent="Internet Explorer 6.0">×</result>
    <result useragent="Internet Explorer 7.0">×</result>
    <result useragent="Internet Explorer 8.0">×</result>
    <result useragent="Internet Explorer 9">×</result>
    <result useragent="Firefox 3.5">×</result>
    <result useragent="Firefox 4.0">×</result>
    <result useragent="Safari 3.2">×</result>
    <result useragent="Safari 5.0.3">×</result>
    <result useragent="JAWS for Windows 9.0">○</result>
    <result useragent="ホームページ・リーダー 3.04">○</result>
    <result useragent="PC-Talker XP 3.06">×</result>
    <result useragent="PC-Talker XP 3.06 + NetReader 1.18">○</result>
    <result useragent="FocusTalk V3">○</result>
    <result useragent="NVDA 2010.1j">○</result>
    <result useragent="NVDA 2011.1">○</result>
  </item>
  <item>
    <rownumber>119</rownumber>
    <id>H070</id>
    <result useragent="Internet Explorer 6.0">○</result>
    <result useragent="Internet Explorer 7.0">○</result>
    <result useragent="Internet Explorer 8.0">○</result>
    <result useragent="Internet Explorer 9">△</result>
    <result useragent="Firefox 3.5">○</result>
    <result useragent="Firefox 4.0">○</result>
    <result useragent="Safari 3.2">×</result>
    <result useragent="Safari 5.0.3">×</result>
    <result useragent="JAWS for Windows 9.0">○</result>
    <result useragent="ホームページ・リーダー 3.04">○</result>
    <result useragent="PC-Talker XP 3.06">×</result>
    <result useragent="PC-Talker XP 3.06 + NetReader 1.18">×</result>
    <result useragent="FocusTalk V3">×</result>
    <result useragent="NVDA 2010.1j">×</result>
    <result useragent="NVDA 2011.1">×</result>
  </item>
  <item>
    <rownumber>120</rownumber>
    <id>SCR028-1</id>
    <result useragent="Internet Explorer 6.0">○</result>
    <result useragent="Internet Explorer 7.0">○</result>
    <result useragent="Internet Explorer 8.0">○</result>
    <result useragent="Internet Explorer 9">○</result>
    <result useragent="Firefox 3.5">○</result>
    <result useragent="Firefox 4.0">○</result>
    <result useragent="Safari 3.2">○</result>
    <result useragent="Safari 5.0.3">○</result>
    <result useragent="JAWS for Windows 9.0">○</result>
    <result useragent="ホームページ・リーダー 3.04">×</result>
    <result useragent="PC-Talker XP 3.06">○</result>
    <result useragent="PC-Talker XP 3.06 + NetReader 1.18">△</result>
    <result useragent="FocusTalk V3">△</result>
    <result useragent="NVDA 2010.1j">○</result>
    <result useragent="NVDA 2011.1">○</result>
  </item>
  <item>
    <rownumber>121</rownumber>
    <id>SCR028-2</id>
    <result useragent="Internet Explorer 6.0">○</result>
    <result useragent="Internet Explorer 7.0">○</result>
    <result useragent="Internet Explorer 8.0">○</result>
    <result useragent="Internet Explorer 9">○</result>
    <result useragent="Firefox 3.5">○</result>
    <result useragent="Firefox 4.0">○</result>
    <result useragent="Safari 3.2">○</result>
    <result useragent="Safari 5.0.3">○</result>
    <result useragent="JAWS for Windows 9.0">○</result>
    <result useragent="ホームページ・リーダー 3.04">○</result>
    <result useragent="PC-Talker XP 3.06">○</result>
    <result useragent="PC-Talker XP 3.06 + NetReader 1.18">△</result>
    <result useragent="FocusTalk V3">△</result>
    <result useragent="NVDA 2010.1j">○</result>
    <result useragent="NVDA 2011.1">○</result>
  </item>
  <item>
    <rownumber>122</rownumber>
    <id>G088-1</id>
    <result useragent="Internet Explorer 6.0">○</result>
    <result useragent="Internet Explorer 7.0">○</result>
    <result useragent="Internet Explorer 8.0">○</result>
    <result useragent="Internet Explorer 9">○</result>
    <result useragent="Firefox 3.5">○</result>
    <result useragent="Firefox 4.0">○</result>
    <result useragent="Safari 3.2">○</result>
    <result useragent="Safari 5.0.3">○</result>
    <result useragent="JAWS for Windows 9.0">○</result>
    <result useragent="ホームページ・リーダー 3.04">○</result>
    <result useragent="PC-Talker XP 3.06">○</result>
    <result useragent="PC-Talker XP 3.06 + NetReader 1.18">○</result>
    <result useragent="FocusTalk V3">○</result>
    <result useragent="NVDA 2010.1j">○</result>
    <result useragent="NVDA 2011.1">○</result>
  </item>
  <item>
    <rownumber>123</rownumber>
    <id>H025</id>
    <result useragent="Internet Explorer 6.0">○</result>
    <result useragent="Internet Explorer 7.0">○</result>
    <result useragent="Internet Explorer 8.0">○</result>
    <result useragent="Internet Explorer 9">○</result>
    <result useragent="Firefox 3.5">○</result>
    <result useragent="Firefox 4.0">○</result>
    <result useragent="Safari 3.2">○</result>
    <result useragent="Safari 5.0.3">○</result>
    <result useragent="JAWS for Windows 9.0">○</result>
    <result useragent="ホームページ・リーダー 3.04">○</result>
    <result useragent="PC-Talker XP 3.06">○</result>
    <result useragent="PC-Talker XP 3.06 + NetReader 1.18">○</result>
    <result useragent="FocusTalk V3">○</result>
    <result useragent="NVDA 2010.1j">○</result>
    <result useragent="NVDA 2011.1">○</result>
  </item>
  <item>
    <rownumber>124</rownumber>
    <id>H004-1</id>
    <result useragent="Internet Explorer 6.0">○</result>
    <result useragent="Internet Explorer 7.0">○</result>
    <result useragent="Internet Explorer 8.0">○</result>
    <result useragent="Internet Explorer 9">○</result>
    <result useragent="Firefox 3.5">○</result>
    <result useragent="Firefox 4.0">○</result>
    <result useragent="Safari 3.2">○</result>
    <result useragent="Safari 5.0.3">○</result>
    <result useragent="JAWS for Windows 9.0">○</result>
    <result useragent="ホームページ・リーダー 3.04">○</result>
    <result useragent="PC-Talker XP 3.06">○</result>
    <result useragent="PC-Talker XP 3.06 + NetReader 1.18">○</result>
    <result useragent="FocusTalk V3">×</result>
    <result useragent="NVDA 2010.1j">○</result>
    <result useragent="NVDA 2011.1">○</result>
  </item>
  <item>
    <rownumber>125</rownumber>
    <id>H004-2</id>
    <result useragent="Internet Explorer 6.0">○</result>
    <result useragent="Internet Explorer 7.0">○</result>
    <result useragent="Internet Explorer 8.0">○</result>
    <result useragent="Internet Explorer 9">○</result>
    <result useragent="Firefox 3.5">○</result>
    <result useragent="Firefox 4.0">○</result>
    <result useragent="Safari 3.2">○</result>
    <result useragent="Safari 5.0.3">○</result>
    <result useragent="JAWS for Windows 9.0">○</result>
    <result useragent="ホームページ・リーダー 3.04">○</result>
    <result useragent="PC-Talker XP 3.06">○</result>
    <result useragent="PC-Talker XP 3.06 + NetReader 1.18">×</result>
    <result useragent="FocusTalk V3">○</result>
    <result useragent="NVDA 2010.1j">○</result>
    <result useragent="NVDA 2011.1">○</result>
  </item>
  <item>
    <rownumber>126</rownumber>
    <id>H004-3a</id>
    <result useragent="Internet Explorer 6.0">○</result>
    <result useragent="Internet Explorer 7.0">○</result>
    <result useragent="Internet Explorer 8.0">○</result>
    <result useragent="Internet Explorer 9">○</result>
    <result useragent="Firefox 3.5">○</result>
    <result useragent="Firefox 4.0">○</result>
    <result useragent="Safari 3.2">○</result>
    <result useragent="Safari 5.0.3">○</result>
    <result useragent="JAWS for Windows 9.0">○</result>
    <result useragent="ホームページ・リーダー 3.04">○</result>
    <result useragent="PC-Talker XP 3.06">○</result>
    <result useragent="PC-Talker XP 3.06 + NetReader 1.18">○</result>
    <result useragent="FocusTalk V3">○</result>
    <result useragent="NVDA 2010.1j">○</result>
    <result useragent="NVDA 2011.1">○</result>
  </item>
  <item>
    <rownumber>127</rownumber>
    <id>H004-3b</id>
    <result useragent="Internet Explorer 6.0">○</result>
    <result useragent="Internet Explorer 7.0">○</result>
    <result useragent="Internet Explorer 8.0">○</result>
    <result useragent="Internet Explorer 9">○</result>
    <result useragent="Firefox 3.5">○</result>
    <result useragent="Firefox 4.0">○</result>
    <result useragent="Safari 3.2">○</result>
    <result useragent="Safari 5.0.3">○</result>
    <result useragent="JAWS for Windows 9.0">○</result>
    <result useragent="ホームページ・リーダー 3.04">○</result>
    <result useragent="PC-Talker XP 3.06">○</result>
    <result useragent="PC-Talker XP 3.06 + NetReader 1.18">○</result>
    <result useragent="FocusTalk V3">○</result>
    <result useragent="NVDA 2010.1j">○</result>
    <result useragent="NVDA 2011.1">○</result>
  </item>
  <item>
    <rownumber>128</rownumber>
    <id>SCR037</id>
    <result useragent="Internet Explorer 6.0">×</result>
    <result useragent="Internet Explorer 7.0">×</result>
    <result useragent="Internet Explorer 8.0">○</result>
    <result useragent="Internet Explorer 9">×</result>
    <result useragent="Firefox 3.5">○</result>
    <result useragent="Firefox 4.0">○</result>
    <result useragent="Safari 3.2">○</result>
    <result useragent="Safari 5.0.3">○</result>
    <result useragent="JAWS for Windows 9.0">×</result>
    <result useragent="ホームページ・リーダー 3.04">×</result>
    <result useragent="PC-Talker XP 3.06">×</result>
    <result useragent="PC-Talker XP 3.06 + NetReader 1.18">×</result>
    <result useragent="FocusTalk V3">○</result>
    <result useragent="NVDA 2010.1j">○</result>
    <result useragent="NVDA 2011.1">△</result>
  </item>
  <item>
    <rownumber>129</rownumber>
    <id>G053</id>
    <result useragent="Internet Explorer 6.0">-</result>
    <result useragent="Internet Explorer 7.0">-</result>
    <result useragent="Internet Explorer 8.0">-</result>
    <result useragent="Internet Explorer 9">-</result>
    <result useragent="Firefox 3.5">-</result>
    <result useragent="Firefox 4.0">-</result>
    <result useragent="Safari 3.2">-</result>
    <result useragent="Safari 5.0.3">-</result>
    <result useragent="JAWS for Windows 9.0">○</result>
    <result useragent="ホームページ・リーダー 3.04">○</result>
    <result useragent="PC-Talker XP 3.06">×</result>
    <result useragent="PC-Talker XP 3.06 + NetReader 1.18">○</result>
    <result useragent="FocusTalk V3">○</result>
    <result useragent="NVDA 2010.1j">○</result>
    <result useragent="NVDA 2011.1">○</result>
  </item>
  <item>
    <rownumber>130</rownumber>
    <id>G091</id>
    <result useragent="Internet Explorer 6.0">○</result>
    <result useragent="Internet Explorer 7.0">○</result>
    <result useragent="Internet Explorer 8.0">○</result>
    <result useragent="Internet Explorer 9">○</result>
    <result useragent="Firefox 3.5">○</result>
    <result useragent="Firefox 4.0">○</result>
    <result useragent="Safari 3.2">○</result>
    <result useragent="Safari 5.0.3">○</result>
    <result useragent="JAWS for Windows 9.0">○</result>
    <result useragent="ホームページ・リーダー 3.04">○</result>
    <result useragent="PC-Talker XP 3.06">○</result>
    <result useragent="PC-Talker XP 3.06 + NetReader 1.18">○</result>
    <result useragent="FocusTalk V3">○</result>
    <result useragent="NVDA 2010.1j">○</result>
    <result useragent="NVDA 2011.1">○</result>
  </item>
  <item>
    <rownumber>131</rownumber>
    <id>H033-1</id>
    <result useragent="Internet Explorer 6.0">△</result>
    <result useragent="Internet Explorer 7.0">△</result>
    <result useragent="Internet Explorer 8.0">△</result>
    <result useragent="Internet Explorer 9">△</result>
    <result useragent="Firefox 3.5">△</result>
    <result useragent="Firefox 4.0">△</result>
    <result useragent="Safari 3.2">△</result>
    <result useragent="Safari 5.0.3">△</result>
    <result useragent="JAWS for Windows 9.0">×</result>
    <result useragent="ホームページ・リーダー 3.04">×</result>
    <result useragent="PC-Talker XP 3.06">×</result>
    <result useragent="PC-Talker XP 3.06 + NetReader 1.18">×</result>
    <result useragent="FocusTalk V3">×</result>
    <result useragent="NVDA 2010.1j">×</result>
    <result useragent="NVDA 2011.1">×</result>
  </item>
  <item>
    <rownumber>132</rownumber>
    <id>H033-2</id>
    <result useragent="Internet Explorer 6.0">△</result>
    <result useragent="Internet Explorer 7.0">△</result>
    <result useragent="Internet Explorer 8.0">△</result>
    <result useragent="Internet Explorer 9">△</result>
    <result useragent="Firefox 3.5">△</result>
    <result useragent="Firefox 4.0">△</result>
    <result useragent="Safari 3.2">△</result>
    <result useragent="Safari 5.0.3">△</result>
    <result useragent="JAWS for Windows 9.0">×</result>
    <result useragent="ホームページ・リーダー 3.04">×</result>
    <result useragent="PC-Talker XP 3.06">×</result>
    <result useragent="PC-Talker XP 3.06 + NetReader 1.18">×</result>
    <result useragent="FocusTalk V3">×</result>
    <result useragent="NVDA 2010.1j">×</result>
    <result useragent="NVDA 2011.1">×</result>
  </item>
  <item>
    <rownumber>133</rownumber>
    <id>H077-1</id>
    <result useragent="Internet Explorer 6.0">-</result>
    <result useragent="Internet Explorer 7.0">-</result>
    <result useragent="Internet Explorer 8.0">-</result>
    <result useragent="Internet Explorer 9">-</result>
    <result useragent="Firefox 3.5">-</result>
    <result useragent="Firefox 4.0">-</result>
    <result useragent="Safari 3.2">-</result>
    <result useragent="Safari 5.0.3">-</result>
    <result useragent="JAWS for Windows 9.0">○</result>
    <result useragent="ホームページ・リーダー 3.04">○</result>
    <result useragent="PC-Talker XP 3.06">×</result>
    <result useragent="PC-Talker XP 3.06 + NetReader 1.18">○</result>
    <result useragent="FocusTalk V3">×</result>
    <result useragent="NVDA 2010.1j">○</result>
    <result useragent="NVDA 2011.1">○</result>
  </item>
  <item>
    <rownumber>134</rownumber>
    <id>H077-2</id>
    <result useragent="Internet Explorer 6.0">-</result>
    <result useragent="Internet Explorer 7.0">-</result>
    <result useragent="Internet Explorer 8.0">-</result>
    <result useragent="Internet Explorer 9">-</result>
    <result useragent="Firefox 3.5">-</result>
    <result useragent="Firefox 4.0">-</result>
    <result useragent="Safari 3.2">-</result>
    <result useragent="Safari 5.0.3">-</result>
    <result useragent="JAWS for Windows 9.0">○</result>
    <result useragent="ホームページ・リーダー 3.04">○</result>
    <result useragent="PC-Talker XP 3.06">×</result>
    <result useragent="PC-Talker XP 3.06 + NetReader 1.18">○</result>
    <result useragent="FocusTalk V3">×</result>
    <result useragent="NVDA 2010.1j">○</result>
    <result useragent="NVDA 2011.1">○</result>
  </item>
  <item>
    <rownumber>135</rownumber>
    <id>H078</id>
    <result useragent="Internet Explorer 6.0">-</result>
    <result useragent="Internet Explorer 7.0">-</result>
    <result useragent="Internet Explorer 8.0">-</result>
    <result useragent="Internet Explorer 9">-</result>
    <result useragent="Firefox 3.5">-</result>
    <result useragent="Firefox 4.0">-</result>
    <result useragent="Safari 3.2">-</result>
    <result useragent="Safari 5.0.3">-</result>
    <result useragent="JAWS for Windows 9.0">○</result>
    <result useragent="ホームページ・リーダー 3.04">○</result>
    <result useragent="PC-Talker XP 3.06">×</result>
    <result useragent="PC-Talker XP 3.06 + NetReader 1.18">○</result>
    <result useragent="FocusTalk V3">×</result>
    <result useragent="NVDA 2010.1j">○</result>
    <result useragent="NVDA 2011.1">○</result>
  </item>
  <item>
    <rownumber>136</rownumber>
    <id>H079</id>
    <result useragent="Internet Explorer 6.0">-</result>
    <result useragent="Internet Explorer 7.0">-</result>
    <result useragent="Internet Explorer 8.0">-</result>
    <result useragent="Internet Explorer 9">-</result>
    <result useragent="Firefox 3.5">-</result>
    <result useragent="Firefox 4.0">-</result>
    <result useragent="Safari 3.2">-</result>
    <result useragent="Safari 5.0.3">-</result>
    <result useragent="JAWS for Windows 9.0">○</result>
    <result useragent="ホームページ・リーダー 3.04">○</result>
    <result useragent="PC-Talker XP 3.06">×</result>
    <result useragent="PC-Talker XP 3.06 + NetReader 1.18">×</result>
    <result useragent="FocusTalk V3">×</result>
    <result useragent="NVDA 2010.1j">×</result>
    <result useragent="NVDA 2011.1">○</result>
  </item>
  <item>
    <rownumber>137</rownumber>
    <id>H080-1</id>
    <result useragent="Internet Explorer 6.0">-</result>
    <result useragent="Internet Explorer 7.0">-</result>
    <result useragent="Internet Explorer 8.0">-</result>
    <result useragent="Internet Explorer 9">-</result>
    <result useragent="Firefox 3.5">-</result>
    <result useragent="Firefox 4.0">-</result>
    <result useragent="Safari 3.2">-</result>
    <result useragent="Safari 5.0.3">-</result>
    <result useragent="JAWS for Windows 9.0">○</result>
    <result useragent="ホームページ・リーダー 3.04">○</result>
    <result useragent="PC-Talker XP 3.06">×</result>
    <result useragent="PC-Talker XP 3.06 + NetReader 1.18">○</result>
    <result useragent="FocusTalk V3">×</result>
    <result useragent="NVDA 2010.1j">○</result>
    <result useragent="NVDA 2011.1">○</result>
  </item>
  <item>
    <rownumber>138</rownumber>
    <id>H080-2</id>
    <result useragent="Internet Explorer 6.0">-</result>
    <result useragent="Internet Explorer 7.0">-</result>
    <result useragent="Internet Explorer 8.0">-</result>
    <result useragent="Internet Explorer 9">-</result>
    <result useragent="Firefox 3.5">-</result>
    <result useragent="Firefox 4.0">-</result>
    <result useragent="Safari 3.2">-</result>
    <result useragent="Safari 5.0.3">-</result>
    <result useragent="JAWS for Windows 9.0">○</result>
    <result useragent="ホームページ・リーダー 3.04">○</result>
    <result useragent="PC-Talker XP 3.06">×</result>
    <result useragent="PC-Talker XP 3.06 + NetReader 1.18">○</result>
    <result useragent="FocusTalk V3">×</result>
    <result useragent="NVDA 2010.1j">○</result>
    <result useragent="NVDA 2011.1">○</result>
  </item>
  <item>
    <rownumber>139</rownumber>
    <id>H080-3</id>
    <result useragent="Internet Explorer 6.0">-</result>
    <result useragent="Internet Explorer 7.0">-</result>
    <result useragent="Internet Explorer 8.0">-</result>
    <result useragent="Internet Explorer 9">-</result>
    <result useragent="Firefox 3.5">-</result>
    <result useragent="Firefox 4.0">-</result>
    <result useragent="Safari 3.2">-</result>
    <result useragent="Safari 5.0.3">-</result>
    <result useragent="JAWS for Windows 9.0">○</result>
    <result useragent="ホームページ・リーダー 3.04">○</result>
    <result useragent="PC-Talker XP 3.06">×</result>
    <result useragent="PC-Talker XP 3.06 + NetReader 1.18">○</result>
    <result useragent="FocusTalk V3">×</result>
    <result useragent="NVDA 2010.1j">○</result>
    <result useragent="NVDA 2011.1">○</result>
  </item>
  <item>
    <rownumber>140</rownumber>
    <id>H081-1</id>
    <result useragent="Internet Explorer 6.0">-</result>
    <result useragent="Internet Explorer 7.0">-</result>
    <result useragent="Internet Explorer 8.0">-</result>
    <result useragent="Internet Explorer 9">-</result>
    <result useragent="Firefox 3.5">-</result>
    <result useragent="Firefox 4.0">-</result>
    <result useragent="Safari 3.2">-</result>
    <result useragent="Safari 5.0.3">-</result>
    <result useragent="JAWS for Windows 9.0">○</result>
    <result useragent="ホームページ・リーダー 3.04">×</result>
    <result useragent="PC-Talker XP 3.06">×</result>
    <result useragent="PC-Talker XP 3.06 + NetReader 1.18">×</result>
    <result useragent="FocusTalk V3">○</result>
    <result useragent="NVDA 2010.1j">×</result>
    <result useragent="NVDA 2011.1">×</result>
  </item>
  <item>
    <rownumber>141</rownumber>
    <id>H081-2</id>
    <result useragent="Internet Explorer 6.0">-</result>
    <result useragent="Internet Explorer 7.0">-</result>
    <result useragent="Internet Explorer 8.0">-</result>
    <result useragent="Internet Explorer 9">-</result>
    <result useragent="Firefox 3.5">-</result>
    <result useragent="Firefox 4.0">-</result>
    <result useragent="Safari 3.2">-</result>
    <result useragent="Safari 5.0.3">-</result>
    <result useragent="JAWS for Windows 9.0">○</result>
    <result useragent="ホームページ・リーダー 3.04">×</result>
    <result useragent="PC-Talker XP 3.06">×</result>
    <result useragent="PC-Talker XP 3.06 + NetReader 1.18">×</result>
    <result useragent="FocusTalk V3">×</result>
    <result useragent="NVDA 2010.1j">×</result>
    <result useragent="NVDA 2011.1">×</result>
  </item>
  <item>
    <rownumber>142</rownumber>
    <id>C007</id>
    <result useragent="Internet Explorer 6.0">○</result>
    <result useragent="Internet Explorer 7.0">○</result>
    <result useragent="Internet Explorer 8.0">○</result>
    <result useragent="Internet Explorer 9">○</result>
    <result useragent="Firefox 3.5">○</result>
    <result useragent="Firefox 4.0">○</result>
    <result useragent="Safari 3.2">○</result>
    <result useragent="Safari 5.0.3">○</result>
    <result useragent="JAWS for Windows 9.0">○</result>
    <result useragent="ホームページ・リーダー 3.04">○</result>
    <result useragent="PC-Talker XP 3.06">○</result>
    <result useragent="PC-Talker XP 3.06 + NetReader 1.18">○</result>
    <result useragent="FocusTalk V3">○</result>
    <result useragent="NVDA 2010.1j">○</result>
    <result useragent="NVDA 2011.1">○</result>
  </item>
  <item>
    <rownumber>143</rownumber>
    <id>SCR030</id>
    <result useragent="Internet Explorer 6.0">○</result>
    <result useragent="Internet Explorer 7.0">○</result>
    <result useragent="Internet Explorer 8.0">○</result>
    <result useragent="Internet Explorer 9">○</result>
    <result useragent="Firefox 3.5">○</result>
    <result useragent="Firefox 4.0">○</result>
    <result useragent="Safari 3.2">○</result>
    <result useragent="Safari 5.0.3">○</result>
    <result useragent="JAWS for Windows 9.0">○</result>
    <result useragent="ホームページ・リーダー 3.04">○</result>
    <result useragent="PC-Talker XP 3.06">○</result>
    <result useragent="PC-Talker XP 3.06 + NetReader 1.18">○</result>
    <result useragent="FocusTalk V3">○</result>
    <result useragent="NVDA 2010.1j">○</result>
    <result useragent="NVDA 2011.1">○</result>
  </item>
  <item>
    <rownumber>144</rownumber>
    <id>H057-1</id>
    <result useragent="Internet Explorer 6.0">○</result>
    <result useragent="Internet Explorer 7.0">○</result>
    <result useragent="Internet Explorer 8.0">○</result>
    <result useragent="Internet Explorer 9">○</result>
    <result useragent="Firefox 3.5">○</result>
    <result useragent="Firefox 4.0">○</result>
    <result useragent="Safari 3.2">○</result>
    <result useragent="Safari 5.0.3">○</result>
    <result useragent="JAWS for Windows 9.0">-</result>
    <result useragent="ホームページ・リーダー 3.04">-</result>
    <result useragent="PC-Talker XP 3.06">-</result>
    <result useragent="PC-Talker XP 3.06 + NetReader 1.18">-</result>
    <result useragent="FocusTalk V3">-</result>
    <result useragent="NVDA 2010.1j">×</result>
    <result useragent="NVDA 2011.1">×</result>
  </item>
  <item>
    <rownumber>145</rownumber>
    <id>H057-2</id>
    <result useragent="Internet Explorer 6.0">○</result>
    <result useragent="Internet Explorer 7.0">○</result>
    <result useragent="Internet Explorer 8.0">○</result>
    <result useragent="Internet Explorer 9">○</result>
    <result useragent="Firefox 3.5">○</result>
    <result useragent="Firefox 4.0">○</result>
    <result useragent="Safari 3.2">○</result>
    <result useragent="Safari 5.0.3">○</result>
    <result useragent="JAWS for Windows 9.0">-</result>
    <result useragent="ホームページ・リーダー 3.04">-</result>
    <result useragent="PC-Talker XP 3.06">-</result>
    <result useragent="PC-Talker XP 3.06 + NetReader 1.18">-</result>
    <result useragent="FocusTalk V3">-</result>
    <result useragent="NVDA 2010.1j">×</result>
    <result useragent="NVDA 2011.1">×</result>
  </item>
  <item>
    <rownumber>146</rownumber>
    <id>H057-3</id>
    <result useragent="Internet Explorer 6.0">○</result>
    <result useragent="Internet Explorer 7.0">○</result>
    <result useragent="Internet Explorer 8.0">○</result>
    <result useragent="Internet Explorer 9">○</result>
    <result useragent="Firefox 3.5">○</result>
    <result useragent="Firefox 4.0">○</result>
    <result useragent="Safari 3.2">○</result>
    <result useragent="Safari 5.0.3">○</result>
    <result useragent="JAWS for Windows 9.0">-</result>
    <result useragent="ホームページ・リーダー 3.04">-</result>
    <result useragent="PC-Talker XP 3.06">-</result>
    <result useragent="PC-Talker XP 3.06 + NetReader 1.18">-</result>
    <result useragent="FocusTalk V3">-</result>
    <result useragent="NVDA 2010.1j">×</result>
    <result useragent="NVDA 2011.1">×</result>
  </item>
  <item>
    <rownumber>147</rownumber>
    <id>G107</id>
    <result useragent="Internet Explorer 6.0">○</result>
    <result useragent="Internet Explorer 7.0">○</result>
    <result useragent="Internet Explorer 8.0">○</result>
    <result useragent="Internet Explorer 9">○</result>
    <result useragent="Firefox 3.5">○</result>
    <result useragent="Firefox 4.0">△</result>
    <result useragent="Safari 3.2">○</result>
    <result useragent="Safari 5.0.3">○</result>
    <result useragent="JAWS for Windows 9.0">○</result>
    <result useragent="ホームページ・リーダー 3.04">○</result>
    <result useragent="PC-Talker XP 3.06">○</result>
    <result useragent="PC-Talker XP 3.06 + NetReader 1.18">○</result>
    <result useragent="FocusTalk V3">○</result>
    <result useragent="NVDA 2010.1j">○</result>
    <result useragent="NVDA 2011.1">○</result>
  </item>
  <item>
    <rownumber>148</rownumber>
    <id>H032-1</id>
    <result useragent="Internet Explorer 6.0">○</result>
    <result useragent="Internet Explorer 7.0">○</result>
    <result useragent="Internet Explorer 8.0">○</result>
    <result useragent="Internet Explorer 9">○</result>
    <result useragent="Firefox 3.5">○</result>
    <result useragent="Firefox 4.0">○</result>
    <result useragent="Safari 3.2">○</result>
    <result useragent="Safari 5.0.3">○</result>
    <result useragent="JAWS for Windows 9.0">○</result>
    <result useragent="ホームページ・リーダー 3.04">○</result>
    <result useragent="PC-Talker XP 3.06">○</result>
    <result useragent="PC-Talker XP 3.06 + NetReader 1.18">○</result>
    <result useragent="FocusTalk V3">○</result>
    <result useragent="NVDA 2010.1j">○</result>
    <result useragent="NVDA 2011.1">○</result>
  </item>
  <item>
    <rownumber>149</rownumber>
    <id>H032-2</id>
    <result useragent="Internet Explorer 6.0">○</result>
    <result useragent="Internet Explorer 7.0">○</result>
    <result useragent="Internet Explorer 8.0">○</result>
    <result useragent="Internet Explorer 9">○</result>
    <result useragent="Firefox 3.5">○</result>
    <result useragent="Firefox 4.0">○</result>
    <result useragent="Safari 3.2">△</result>
    <result useragent="Safari 5.0.3">○</result>
    <result useragent="JAWS for Windows 9.0">○</result>
    <result useragent="ホームページ・リーダー 3.04">○</result>
    <result useragent="PC-Talker XP 3.06">○</result>
    <result useragent="PC-Talker XP 3.06 + NetReader 1.18">○</result>
    <result useragent="FocusTalk V3">○</result>
    <result useragent="NVDA 2010.1j">○</result>
    <result useragent="NVDA 2011.1">○</result>
  </item>
  <item>
    <rownumber>150</rownumber>
    <id>H084-1</id>
    <result useragent="Internet Explorer 6.0">○</result>
    <result useragent="Internet Explorer 7.0">○</result>
    <result useragent="Internet Explorer 8.0">○</result>
    <result useragent="Internet Explorer 9">○</result>
    <result useragent="Firefox 3.5">○</result>
    <result useragent="Firefox 4.0">○</result>
    <result useragent="Safari 3.2">△</result>
    <result useragent="Safari 5.0.3">○</result>
    <result useragent="JAWS for Windows 9.0">○</result>
    <result useragent="ホームページ・リーダー 3.04">○</result>
    <result useragent="PC-Talker XP 3.06">○</result>
    <result useragent="PC-Talker XP 3.06 + NetReader 1.18">○</result>
    <result useragent="FocusTalk V3">○</result>
    <result useragent="NVDA 2010.1j">○</result>
    <result useragent="NVDA 2011.1">○</result>
  </item>
  <item>
    <rownumber>151</rownumber>
    <id>H084-2</id>
    <result useragent="Internet Explorer 6.0">○</result>
    <result useragent="Internet Explorer 7.0">○</result>
    <result useragent="Internet Explorer 8.0">○</result>
    <result useragent="Internet Explorer 9">○</result>
    <result useragent="Firefox 3.5">○</result>
    <result useragent="Firefox 4.0">○</result>
    <result useragent="Safari 3.2">△</result>
    <result useragent="Safari 5.0.3">○</result>
    <result useragent="JAWS for Windows 9.0">○</result>
    <result useragent="ホームページ・リーダー 3.04">○</result>
    <result useragent="PC-Talker XP 3.06">○</result>
    <result useragent="PC-Talker XP 3.06 + NetReader 1.18">○</result>
    <result useragent="FocusTalk V3">○</result>
    <result useragent="NVDA 2010.1j">○</result>
    <result useragent="NVDA 2011.1">○</result>
  </item>
  <item>
    <rownumber>152</rownumber>
    <id>SCR018</id>
    <result useragent="Internet Explorer 6.0">○</result>
    <result useragent="Internet Explorer 7.0">○</result>
    <result useragent="Internet Explorer 8.0">○</result>
    <result useragent="Internet Explorer 9">○</result>
    <result useragent="Firefox 3.5">○</result>
    <result useragent="Firefox 4.0">○</result>
    <result useragent="Safari 3.2">○</result>
    <result useragent="Safari 5.0.3">○</result>
    <result useragent="JAWS for Windows 9.0">○</result>
    <result useragent="ホームページ・リーダー 3.04">○</result>
    <result useragent="PC-Talker XP 3.06">○</result>
    <result useragent="PC-Talker XP 3.06 + NetReader 1.18">○</result>
    <result useragent="FocusTalk V3">○</result>
    <result useragent="NVDA 2010.1j">○</result>
    <result useragent="NVDA 2011.1">○</result>
  </item>
  <item>
    <rownumber>153</rownumber>
    <id>SCR032</id>
    <result useragent="Internet Explorer 6.0">○</result>
    <result useragent="Internet Explorer 7.0">○</result>
    <result useragent="Internet Explorer 8.0">○</result>
    <result useragent="Internet Explorer 9">○</result>
    <result useragent="Firefox 3.5">○</result>
    <result useragent="Firefox 4.0">○</result>
    <result useragent="Safari 3.2">○</result>
    <result useragent="Safari 5.0.3">○</result>
    <result useragent="JAWS for Windows 9.0">○</result>
    <result useragent="ホームページ・リーダー 3.04">△</result>
    <result useragent="PC-Talker XP 3.06">○</result>
    <result useragent="PC-Talker XP 3.06 + NetReader 1.18">△</result>
    <result useragent="FocusTalk V3">△</result>
    <result useragent="NVDA 2010.1j">○</result>
    <result useragent="NVDA 2011.1">○</result>
  </item>
  <item>
    <rownumber>154</rownumber>
    <id>G108</id>
    <result useragent="Internet Explorer 6.0">-</result>
    <result useragent="Internet Explorer 7.0">-</result>
    <result useragent="Internet Explorer 8.0">-</result>
    <result useragent="Internet Explorer 9">-</result>
    <result useragent="Firefox 3.5">-</result>
    <result useragent="Firefox 4.0">-</result>
    <result useragent="Safari 3.2">-</result>
    <result useragent="Safari 5.0.3">-</result>
    <result useragent="JAWS for Windows 9.0">○</result>
    <result useragent="ホームページ・リーダー 3.04">○</result>
    <result useragent="PC-Talker XP 3.06">○</result>
    <result useragent="PC-Talker XP 3.06 + NetReader 1.18">○</result>
    <result useragent="FocusTalk V3">○</result>
    <result useragent="NVDA 2010.1j">○</result>
    <result useragent="NVDA 2011.1">○</result>
  </item>
  <item>
    <rownumber>155</rownumber>
    <id>SCR027</id>
  </item>
  <item>
    <rownumber>156</rownumber>
    <id>SCR035-3</id>
  </item>
</AsAllTestResult>